<?xml version="1.0" encoding="utf-8"?>
<TestRun id="5efd803b-9766-4140-b03f-7f0ee340fcb2" name="aleks@ASUS-MONK 2026-09-15 20:14:22" runUser="ASUS-MONK\aleks" xmlns="http://microsoft.com/schemas/VisualStudio/TeamTest/2010">
  <Times creation="2026-09-15T20:14:22.5871885+03:00" queuing="2026-09-15T20:14:22.5871889+03:00" start="2026-09-15T20:14:21.5610552+03:00" finish="2026-09-15T20:14:22.6541294+03:00" />
  <TestSettings name="default" id="151a5811-e2fd-4f77-9151-b21083d54b7c">
    <Deployment runDeploymentRoot="aleks_ASUS-MONK_2026-09-15_20_14_22" />
  </TestSettings>
  <Results>
    <UnitTestResult executionId="83092aff-e491-442e-bca9-44c206bbafc7" testId="fac8dab0-8cf0-1fb8-7afa-08c06e09f5fa" testName="Puluj.Api.Tests.StatsFoldsTests.ByRegion_FoldsPlacesIntoRegionsKeepsTopSumsTheRestAndCountsTheUnlocated" computerName="ASUS-MONK" duration="00:00:00.0231523" startTime="2026-09-15T20:14:22.5537941+03:00" endTime="2026-09-15T20:14:22.5606996+03:00" testType="13cdc9d9-ddb5-4fa4-a97d-d965ccfc6d4b" outcome="Passed" testListId="8c84fa94-04c1-424b-9868-57a2d4851a1d" relativeResultsDirectory="83092aff-e491-442e-bca9-44c206bbafc7" />
    <UnitTestResult executionId="b3c13e46-5d54-4b01-bacd-1022d5d62878" testId="3fb59185-85c9-fed3-53a1-89dadaf651de" testName="Puluj.Api.Tests.AlertIntervalsTests.Clip_CutsAtThePeriodAndRunsOpenIntervalsToTheEnd" computerName="ASUS-MONK" duration="00:00:00.0035286" startTime="2026-09-15T20:14:22.5717166+03:00" endTime="2026-09-15T20:14:22.5751649+03:00" testType="13cdc9d9-ddb5-4fa4-a97d-d965ccfc6d4b" outcome="Passed" testListId="8c84fa94-04c1-424b-9868-57a2d4851a1d" relativeResultsDirectory="b3c13e46-5d54-4b01-bacd-1022d5d62878" />
    <UnitTestResult executionId="06bc283a-33e7-4541-aa06-6cb8da726378" testId="56f13905-c511-a69f-9892-4046a8afbcfe" testName="Puluj.Api.Tests.StatsBucketsTests.BucketFor_PicksTheUnitByLength(hours: 73, expected: Day)" computerName="ASUS-MONK" duration="00:00:00.0003372" startTime="2026-09-15T20:14:22.5303080+03:00" endTime="2026-09-15T20:14:22.5303836+03:00" testType="13cdc9d9-ddb5-4fa4-a97d-d965ccfc6d4b" outcome="Passed" testListId="8c84fa94-04c1-424b-9868-57a2d4851a1d" relativeResultsDirectory="06bc283a-33e7-4541-aa06-6cb8da726378" />
    <UnitTestResult executionId="ea0693b9-6856-430a-b06e-cb3e33a1541f" testId="2a924ea6-885e-d6f6-2128-08d2bed39fab" testName="Puluj.Api.Tests.PlaceHierarchyTests.Ancestors_WalkNearestFirstUpToTheRoot" computerName="ASUS-MONK" duration="00:00:00.0023168" startTime="2026-09-15T20:14:22.5502781+03:00" endTime="2026-09-15T20:14:22.5508690+03:00" testType="13cdc9d9-ddb5-4fa4-a97d-d965ccfc6d4b" outcome="Passed" testListId="8c84fa94-04c1-424b-9868-57a2d4851a1d" relativeResultsDirectory="ea0693b9-6856-430a-b06e-cb3e33a1541f" />
    <UnitTestResult executionId="614c99c7-1a77-496d-9ba0-35d843e236ac" testId="a42eab93-d22e-0fac-a9d5-be53d1e43c45" testName="Puluj.Api.Tests.PlaceHierarchyTests.Ancestors_StopAtAParentLoop" computerName="ASUS-MONK" duration="00:00:00.0005111" startTime="2026-09-15T20:14:22.5526807+03:00" endTime="2026-09-15T20:14:22.5527654+03:00" testType="13cdc9d9-ddb5-4fa4-a97d-d965ccfc6d4b" outcome="Passed" testListId="8c84fa94-04c1-424b-9868-57a2d4851a1d" relativeResultsDirectory="614c99c7-1a77-496d-9ba0-35d843e236ac" />
    <UnitTestResult executionId="18a9fcf4-eb13-401a-8270-608cc46f7702" testId="f84055ca-b80b-34fe-ad03-a0e806765e27" testName="Puluj.Api.Tests.StatsBucketsTests.Starts_Weeks_StartOnMonday" computerName="ASUS-MONK" duration="00:00:00.0003451" startTime="2026-09-15T20:14:22.5505476+03:00" endTime="2026-09-15T20:14:22.5506186+03:00" testType="13cdc9d9-ddb5-4fa4-a97d-d965ccfc6d4b" outcome="Passed" testListId="8c84fa94-04c1-424b-9868-57a2d4851a1d" relativeResultsDirectory="18a9fcf4-eb13-401a-8270-608cc46f7702" />
    <UnitTestResult executionId="a7cf7ff4-b18f-4357-b079-0b7c5ef7c997" testId="95e3ee96-5af3-a48a-4916-14b6a906596b" testName="Puluj.Api.Tests.StatsBucketsTests.Clamp_EndNotAfterNowSpanAtMostAYearAtLeastAnHour" computerName="ASUS-MONK" duration="00:00:00.0041979" startTime="2026-09-15T20:14:22.5508061+03:00" endTime="2026-09-15T20:14:22.5530113+03:00" testType="13cdc9d9-ddb5-4fa4-a97d-d965ccfc6d4b" outcome="Passed" testListId="8c84fa94-04c1-424b-9868-57a2d4851a1d" relativeResultsDirectory="a7cf7ff4-b18f-4357-b079-0b7c5ef7c997" />
    <UnitTestResult executionId="92af1ecd-e941-4aca-bd00-fe12b6844c96" testId="709a7389-7ea6-be00-ce38-d646656c3914" testName="Puluj.Api.Tests.StatsBucketsTests.BucketFor_PicksTheUnitByLength(hours: 2880, expected: Day)" computerName="ASUS-MONK" duration="00:00:00.0000523" startTime="2026-09-15T20:14:22.5305338+03:00" endTime="2026-09-15T20:14:22.5305915+03:00" testType="13cdc9d9-ddb5-4fa4-a97d-d965ccfc6d4b" outcome="Passed" testListId="8c84fa94-04c1-424b-9868-57a2d4851a1d" relativeResultsDirectory="92af1ecd-e941-4aca-bd00-fe12b6844c96" />
    <UnitTestResult executionId="17c5016b-c0f4-4626-851a-983937f2ed83" testId="e4178572-ae7a-9e94-fe3a-2ae0f8917e14" testName="Puluj.Api.Tests.AlertIntervalsTests.Summarize_WithoutBucketsStillCountsTotals" computerName="ASUS-MONK" duration="00:00:00.0023574" startTime="2026-09-15T20:14:22.5611596+03:00" endTime="2026-09-15T20:14:22.5620430+03:00" testType="13cdc9d9-ddb5-4fa4-a97d-d965ccfc6d4b" outcome="Passed" testListId="8c84fa94-04c1-424b-9868-57a2d4851a1d" relativeResultsDirectory="17c5016b-c0f4-4626-851a-983937f2ed83" />
    <UnitTestResult executionId="28198e83-5338-4daf-bc67-6e047cea4e23" testId="96d261cb-9333-831c-3c77-7ef088f4f8e7" testName="Puluj.Api.Tests.StatsFoldsTests.Slices_KeepEnumOrderDropZerosAndLabelValues" computerName="ASUS-MONK" duration="00:00:00.1879436" startTime="2026-09-15T20:14:22.3431887+03:00" endTime="2026-09-15T20:14:22.5535306+03:00" testType="13cdc9d9-ddb5-4fa4-a97d-d965ccfc6d4b" outcome="Passed" testListId="8c84fa94-04c1-424b-9868-57a2d4851a1d" relativeResultsDirectory="28198e83-5338-4daf-bc67-6e047cea4e23" />
    <UnitTestResult executionId="b6ad1751-28ce-4bd0-bb0d-df8fe2819b3c" testId="7aef14ba-f233-ad05-35a4-cdaa716daeef" testName="Puluj.Api.Tests.PlaceHierarchyTests.Descendants_CoverEveryLevelBelowButNotTheOtherTree" computerName="ASUS-MONK" duration="00:00:00.0016087" startTime="2026-09-15T20:14:22.5510440+03:00" endTime="2026-09-15T20:14:22.5511246+03:00" testType="13cdc9d9-ddb5-4fa4-a97d-d965ccfc6d4b" outcome="Passed" testListId="8c84fa94-04c1-424b-9868-57a2d4851a1d" relativeResultsDirectory="b6ad1751-28ce-4bd0-bb0d-df8fe2819b3c" />
    <UnitTestResult executionId="023d4630-8ab7-474c-be11-3b1a83c2feaa" testId="b8bf897c-0283-dd0c-74ac-6254094ea968" testName="Puluj.Api.Tests.StatsBucketsTests.Starts_Days_AreKyivMidnightsAndTheDstDayIsShorter" computerName="ASUS-MONK" duration="00:00:00.0091725" startTime="2026-09-15T20:14:22.5475801+03:00" endTime="2026-09-15T20:14:22.5503568+03:00" testType="13cdc9d9-ddb5-4fa4-a97d-d965ccfc6d4b" outcome="Passed" testListId="8c84fa94-04c1-424b-9868-57a2d4851a1d" relativeResultsDirectory="023d4630-8ab7-474c-be11-3b1a83c2feaa" />
    <UnitTestResult executionId="e59036eb-a20f-49a1-b6d7-faeda46fa381" testId="eecdcbdd-5c7d-8beb-fb2b-cf65b9657ab7" testName="Puluj.Api.Tests.AlertIntervalsTests.Summarize_DstDayHas25Hours_AndSplitsAcrossTheHourBucketsOfTheChange" computerName="ASUS-MONK" duration="00:00:00.2002851" startTime="2026-09-15T20:14:22.3409270+03:00" endTime="2026-09-15T20:14:22.5543329+03:00" testType="13cdc9d9-ddb5-4fa4-a97d-d965ccfc6d4b" outcome="Passed" testListId="8c84fa94-04c1-424b-9868-57a2d4851a1d" relativeResultsDirectory="e59036eb-a20f-49a1-b6d7-faeda46fa381" />
    <UnitTestResult executionId="294bfd4a-269e-4e27-8878-bc893f47b8ee" testId="9443af4b-bbd3-8525-2041-06f5d8eae1f3" testName="Puluj.Api.Tests.AlertIntervalsTests.Summarize_ClipsToThePeriodSplitsHoursByBucketAndKeepsOnlyRegionLevel" computerName="ASUS-MONK" duration="00:00:00.0105766" startTime="2026-09-15T20:14:22.5545390+03:00" endTime="2026-09-15T20:14:22.5590041+03:00" testType="13cdc9d9-ddb5-4fa4-a97d-d965ccfc6d4b" outcome="Passed" testListId="8c84fa94-04c1-424b-9868-57a2d4851a1d" relativeResultsDirectory="294bfd4a-269e-4e27-8878-bc893f47b8ee" />
    <UnitTestResult executionId="a6958db3-e94d-4ccb-8faa-dfc43b877009" testId="eeb97518-975a-1811-4819-f69d735d0b5e" testName="Puluj.Api.Tests.StatsBucketsTests.BucketFor_PicksTheUnitByLength(hours: 72, expected: Hour)" computerName="ASUS-MONK" duration="00:00:00.0026488" startTime="2026-09-15T20:14:22.5300384+03:00" endTime="2026-09-15T20:14:22.5301296+03:00" testType="13cdc9d9-ddb5-4fa4-a97d-d965ccfc6d4b" outcome="Passed" testListId="8c84fa94-04c1-424b-9868-57a2d4851a1d" relativeResultsDirectory="a6958db3-e94d-4ccb-8faa-dfc43b877009" />
    <UnitTestResult executionId="220b4cb7-609e-4d48-9b5d-e854d5a020e7" testId="edd41bc0-fac8-388c-f6a7-8a88dda2a32f" testName="Puluj.Api.Tests.StatsFoldsTests.CategoryIndex_UnknownCodesFoldIntoTheLastSlot" computerName="ASUS-MONK" duration="00:00:00.0002353" startTime="2026-09-15T20:14:22.5782098+03:00" endTime="2026-09-15T20:14:22.5783336+03:00" testType="13cdc9d9-ddb5-4fa4-a97d-d965ccfc6d4b" outcome="Passed" testListId="8c84fa94-04c1-424b-9868-57a2d4851a1d" relativeResultsDirectory="220b4cb7-609e-4d48-9b5d-e854d5a020e7" />
    <UnitTestResult executionId="afe47993-88e8-459f-b379-c75ae43aaebd" testId="87fa15f0-d340-2435-2772-6d08a3fce0d3" testName="Puluj.Api.Tests.PlaceHierarchyTests.Descendants_SurviveAParentLoop" computerName="ASUS-MONK" duration="00:00:00.1784988" startTime="2026-09-15T20:14:22.3430356+03:00" endTime="2026-09-15T20:14:22.5499981+03:00" testType="13cdc9d9-ddb5-4fa4-a97d-d965ccfc6d4b" outcome="Passed" testListId="8c84fa94-04c1-424b-9868-57a2d4851a1d" relativeResultsDirectory="afe47993-88e8-459f-b379-c75ae43aaebd" />
    <UnitTestResult executionId="2b2e25f6-0b69-44f8-b1ec-6e1d7a684778" testId="e1ad05dd-84cf-171e-7441-cd3b94285c98" testName="Puluj.Api.Tests.StatsBucketsTests.IndexOf_FindsTheLastStartNotAfterTheInstant" computerName="ASUS-MONK" duration="00:00:00.1671101" startTime="2026-09-15T20:14:22.3431089+03:00" endTime="2026-09-15T20:14:22.5288542+03:00" testType="13cdc9d9-ddb5-4fa4-a97d-d965ccfc6d4b" outcome="Passed" testListId="8c84fa94-04c1-424b-9868-57a2d4851a1d" relativeResultsDirectory="2b2e25f6-0b69-44f8-b1ec-6e1d7a684778" />
    <UnitTestResult executionId="d91e49de-2081-45dd-8388-04cefa0de280" testId="905d6926-23e9-d9e9-2934-fcc144b6ac74" testName="Puluj.Api.Tests.AlertIntervalsTests.Summarize_DurationBinsAreLeftClosed" computerName="ASUS-MONK" duration="00:00:00.0052934" startTime="2026-09-15T20:14:22.5701653+03:00" endTime="2026-09-15T20:14:22.5715004+03:00" testType="13cdc9d9-ddb5-4fa4-a97d-d965ccfc6d4b" outcome="Passed" testListId="8c84fa94-04c1-424b-9868-57a2d4851a1d" relativeResultsDirectory="d91e49de-2081-45dd-8388-04cefa0de280" />
    <UnitTestResult executionId="126662e0-671e-4c4a-9846-e78a1b09d97a" testId="ca926678-e0f4-725f-e745-83109a7a6ef9" testName="Puluj.Api.Tests.StatsBucketsTests.HourOfDayAndDayOf_AreKyivLocal" computerName="ASUS-MONK" duration="00:00:00.0029669" startTime="2026-09-15T20:14:22.5532128+03:00" endTime="2026-09-15T20:14:22.5532745+03:00" testType="13cdc9d9-ddb5-4fa4-a97d-d965ccfc6d4b" outcome="Passed" testListId="8c84fa94-04c1-424b-9868-57a2d4851a1d" relativeResultsDirectory="126662e0-671e-4c4a-9846-e78a1b09d97a" />
    <UnitTestResult executionId="1611494b-538f-4e60-ab01-4816a8174ffa" testId="6e395040-7af0-20af-f682-323e0727d28a" testName="Puluj.Api.Tests.AlertIntervalsTests.IsRegionLevel_AcceptsOblastsAndParentlessCities" computerName="ASUS-MONK" duration="00:00:00.0004823" startTime="2026-09-15T20:14:22.5606128+03:00" endTime="2026-09-15T20:14:22.5610128+03:00" testType="13cdc9d9-ddb5-4fa4-a97d-d965ccfc6d4b" outcome="Passed" testListId="8c84fa94-04c1-424b-9868-57a2d4851a1d" relativeResultsDirectory="1611494b-538f-4e60-ab01-4816a8174ffa" />
    <UnitTestResult executionId="f17a183a-336b-4893-a363-86e78350b877" testId="6d30955a-2977-ac46-4205-a1bf86c16597" testName="Puluj.Api.Tests.StatsBucketsTests.BucketFor_PicksTheUnitByLength(hours: 2904, expected: Week)" computerName="ASUS-MONK" duration="00:00:00.0000087" startTime="2026-09-15T20:14:22.5467503+03:00" endTime="2026-09-15T20:14:22.5468394+03:00" testType="13cdc9d9-ddb5-4fa4-a97d-d965ccfc6d4b" outcome="Passed" testListId="8c84fa94-04c1-424b-9868-57a2d4851a1d" relativeResultsDirectory="f17a183a-336b-4893-a363-86e78350b877" />
    <UnitTestResult executionId="970ee316-4c86-4e86-b5c8-1b3aad67b0bc" testId="07a88438-eaef-a8d7-c0cb-54ed958e7a03" testName="Puluj.Api.Tests.AlertIntervalsTests.Summarize_DstDayHas23Hours" computerName="ASUS-MONK" duration="00:00:00.0037806" startTime="2026-09-15T20:14:22.5623029+03:00" endTime="2026-09-15T20:14:22.5659682+03:00" testType="13cdc9d9-ddb5-4fa4-a97d-d965ccfc6d4b" outcome="Passed" testListId="8c84fa94-04c1-424b-9868-57a2d4851a1d" relativeResultsDirectory="970ee316-4c86-4e86-b5c8-1b3aad67b0bc" />
    <UnitTestResult executionId="a04b2756-d45e-44a4-9a5e-40ee69afc7f6" testId="c65b7f55-09ab-07bc-f03a-1e609771ea2a" testName="Puluj.Api.Tests.StatsBucketsTests.Starts_Hours_StartAtTheTruncatedHourAndEndBeforeTo" computerName="ASUS-MONK" duration="00:00:00.0002530" startTime="2026-09-15T20:14:22.5541097+03:00" endTime="2026-09-15T20:14:22.5541752+03:00" testType="13cdc9d9-ddb5-4fa4-a97d-d965ccfc6d4b" outcome="Passed" testListId="8c84fa94-04c1-424b-9868-57a2d4851a1d" relativeResultsDirectory="a04b2756-d45e-44a4-9a5e-40ee69afc7f6" />
    <UnitTestResult executionId="aa3e98c1-10a3-45af-8cc1-46c7f959a425" testId="423d2d74-5484-59d2-44fe-39471d7038c1" testName="Puluj.Api.Tests.EventKindDtoTests.Target_dto_keeps_event_type_and_defaults_kind_code_to_null" computerName="ASUS-MONK" duration="00:00:00.1615779" startTime="2026-09-15T20:14:22.3431578+03:00" endTime="2026-09-15T20:14:22.5135300+03:00" testType="13cdc9d9-ddb5-4fa4-a97d-d965ccfc6d4b" outcome="Passed" testListId="8c84fa94-04c1-424b-9868-57a2d4851a1d" relativeResultsDirectory="aa3e98c1-10a3-45af-8cc1-46c7f959a425" />
    <UnitTestResult executionId="44b27abe-2e57-4d65-b635-5685f9c370ac" testId="b6f1cb08-09b4-65da-2651-4994922bdd78" testName="Puluj.Api.Tests.EventKindDtoTests.Catalog_dto_carries_contract_category_and_legacy_enum_name" computerName="ASUS-MONK" duration="00:00:00.0088165" startTime="2026-09-15T20:14:22.5287546+03:00" endTime="2026-09-15T20:14:22.5476451+03:00" testType="13cdc9d9-ddb5-4fa4-a97d-d965ccfc6d4b" outcome="Passed" testListId="8c84fa94-04c1-424b-9868-57a2d4851a1d" relativeResultsDirectory="44b27abe-2e57-4d65-b635-5685f9c370ac" />
    <UnitTestResult executionId="f50b7dea-ab1e-4e99-8daf-813a2bcc3a02" testId="e23cc259-d912-8508-4337-a27a20f121c2" testName="Puluj.Api.Tests.StatsBucketsTests.BucketFor_PicksTheUnitByLength(hours: 1, expected: Hour)" computerName="ASUS-MONK" duration="00:00:00.0000028" startTime="2026-09-15T20:14:22.5473226+03:00" endTime="2026-09-15T20:14:22.5474000+03:00" testType="13cdc9d9-ddb5-4fa4-a97d-d965ccfc6d4b" outcome="Passed" testListId="8c84fa94-04c1-424b-9868-57a2d4851a1d" relativeResultsDirectory="f50b7dea-ab1e-4e99-8daf-813a2bcc3a02" />
    <UnitTestResult executionId="e1851ae7-c012-451a-8e31-0df879f091df" testId="6df5e6fe-51d4-53e6-3c6d-1017a1859685" testName="Puluj.Api.Tests.AlertIntervalsTests.SplitHours_CutsAnIntervalAtBucketBorders" computerName="ASUS-MONK" duration="00:00:00.0003783" startTime="2026-09-15T20:14:22.5755821+03:00" endTime="2026-09-15T20:14:22.5756520+03:00" testType="13cdc9d9-ddb5-4fa4-a97d-d965ccfc6d4b" outcome="Passed" testListId="8c84fa94-04c1-424b-9868-57a2d4851a1d" relativeResultsDirectory="e1851ae7-c012-451a-8e31-0df879f091df" />
    <UnitTestResult executionId="84f55163-d5bc-4030-ba6b-818988599239" testId="798f34da-4a68-b96c-41b4-fd4d8341c6d5" testName="Puluj.Api.Tests.StatsBucketsTests.Starts_Days_TheAutumnDstDayIsLonger" computerName="ASUS-MONK" duration="00:00:00.0003899" startTime="2026-09-15T20:14:22.5534611+03:00" endTime="2026-09-15T20:14:22.5538661+03:00" testType="13cdc9d9-ddb5-4fa4-a97d-d965ccfc6d4b" outcome="Passed" testListId="8c84fa94-04c1-424b-9868-57a2d4851a1d" relativeResultsDirectory="84f55163-d5bc-4030-ba6b-818988599239" />
    <UnitTestResult executionId="b93d4551-da77-4bd8-9841-c2842fd6f304" testId="dd08f237-af17-fab8-cc1b-520a9b5af3ed" testName="Puluj.Api.Tests.StatsFoldsTests.Routes_FoldsPlacePairsIntoRegionPairs" computerName="ASUS-MONK" duration="00:00:00.0187465" startTime="2026-09-15T20:14:22.5609378+03:00" endTime="2026-09-15T20:14:22.5780494+03:00" testType="13cdc9d9-ddb5-4fa4-a97d-d965ccfc6d4b" outcome="Passed" testListId="8c84fa94-04c1-424b-9868-57a2d4851a1d" relativeResultsDirectory="b93d4551-da77-4bd8-9841-c2842fd6f304" />
  </Results>
  <TestDefinitions>
    <UnitTest name="Puluj.Api.Tests.PlaceHierarchyTests.Descendants_SurviveAParentLoop" storage="c:\repos\puluj-g\tests\puluj.api.tests\bin\debug\net10.0\puluj.api.tests.dll" id="87fa15f0-d340-2435-2772-6d08a3fce0d3">
      <Execution id="afe47993-88e8-459f-b379-c75ae43aaebd" />
      <TestMethod codeBase="C:\repos\Puluj-g\tests\Puluj.Api.Tests\bin\Debug\net10.0\Puluj.Api.Tests.dll" adapterTypeName="executor://xunit/VsTestRunner3/netcore/" className="Puluj.Api.Tests.PlaceHierarchyTests" name="Descendants_SurviveAParentLoop" />
    </UnitTest>
    <UnitTest name="Puluj.Api.Tests.AlertIntervalsTests.Summarize_WithoutBucketsStillCountsTotals" storage="c:\repos\puluj-g\tests\puluj.api.tests\bin\debug\net10.0\puluj.api.tests.dll" id="e4178572-ae7a-9e94-fe3a-2ae0f8917e14">
      <Execution id="17c5016b-c0f4-4626-851a-983937f2ed83" />
      <TestMethod codeBase="C:\repos\Puluj-g\tests\Puluj.Api.Tests\bin\Debug\net10.0\Puluj.Api.Tests.dll" adapterTypeName="executor://xunit/VsTestRunner3/netcore/" className="Puluj.Api.Tests.AlertIntervalsTests" name="Summarize_WithoutBucketsStillCountsTotals" />
    </UnitTest>
    <UnitTest name="Puluj.Api.Tests.AlertIntervalsTests.Summarize_DstDayHas25Hours_AndSplitsAcrossTheHourBucketsOfTheChange" storage="c:\repos\puluj-g\tests\puluj.api.tests\bin\debug\net10.0\puluj.api.tests.dll" id="eecdcbdd-5c7d-8beb-fb2b-cf65b9657ab7">
      <Execution id="e59036eb-a20f-49a1-b6d7-faeda46fa381" />
      <TestMethod codeBase="C:\repos\Puluj-g\tests\Puluj.Api.Tests\bin\Debug\net10.0\Puluj.Api.Tests.dll" adapterTypeName="executor://xunit/VsTestRunner3/netcore/" className="Puluj.Api.Tests.AlertIntervalsTests" name="Summarize_DstDayHas25Hours_AndSplitsAcrossTheHourBucketsOfTheChange" />
    </UnitTest>
    <UnitTest name="Puluj.Api.Tests.StatsFoldsTests.ByRegion_FoldsPlacesIntoRegionsKeepsTopSumsTheRestAndCountsTheUnlocated" storage="c:\repos\puluj-g\tests\puluj.api.tests\bin\debug\net10.0\puluj.api.tests.dll" id="fac8dab0-8cf0-1fb8-7afa-08c06e09f5fa">
      <Execution id="83092aff-e491-442e-bca9-44c206bbafc7" />
      <TestMethod codeBase="C:\repos\Puluj-g\tests\Puluj.Api.Tests\bin\Debug\net10.0\Puluj.Api.Tests.dll" adapterTypeName="executor://xunit/VsTestRunner3/netcore/" className="Puluj.Api.Tests.StatsFoldsTests" name="ByRegion_FoldsPlacesIntoRegionsKeepsTopSumsTheRestAndCountsTheUnlocated" />
    </UnitTest>
    <UnitTest name="Puluj.Api.Tests.StatsBucketsTests.BucketFor_PicksTheUnitByLength(hours: 73, expected: Day)" storage="c:\repos\puluj-g\tests\puluj.api.tests\bin\debug\net10.0\puluj.api.tests.dll" id="56f13905-c511-a69f-9892-4046a8afbcfe">
      <Execution id="06bc283a-33e7-4541-aa06-6cb8da726378" />
      <TestMethod codeBase="C:\repos\Puluj-g\tests\Puluj.Api.Tests\bin\Debug\net10.0\Puluj.Api.Tests.dll" adapterTypeName="executor://xunit/VsTestRunner3/netcore/" className="Puluj.Api.Tests.StatsBucketsTests" name="BucketFor_PicksTheUnitByLength" />
    </UnitTest>
    <UnitTest name="Puluj.Api.Tests.StatsBucketsTests.HourOfDayAndDayOf_AreKyivLocal" storage="c:\repos\puluj-g\tests\puluj.api.tests\bin\debug\net10.0\puluj.api.tests.dll" id="ca926678-e0f4-725f-e745-83109a7a6ef9">
      <Execution id="126662e0-671e-4c4a-9846-e78a1b09d97a" />
      <TestMethod codeBase="C:\repos\Puluj-g\tests\Puluj.Api.Tests\bin\Debug\net10.0\Puluj.Api.Tests.dll" adapterTypeName="executor://xunit/VsTestRunner3/netcore/" className="Puluj.Api.Tests.StatsBucketsTests" name="HourOfDayAndDayOf_AreKyivLocal" />
    </UnitTest>
    <UnitTest name="Puluj.Api.Tests.PlaceHierarchyTests.Ancestors_StopAtAParentLoop" storage="c:\repos\puluj-g\tests\puluj.api.tests\bin\debug\net10.0\puluj.api.tests.dll" id="a42eab93-d22e-0fac-a9d5-be53d1e43c45">
      <Execution id="614c99c7-1a77-496d-9ba0-35d843e236ac" />
      <TestMethod codeBase="C:\repos\Puluj-g\tests\Puluj.Api.Tests\bin\Debug\net10.0\Puluj.Api.Tests.dll" adapterTypeName="executor://xunit/VsTestRunner3/netcore/" className="Puluj.Api.Tests.PlaceHierarchyTests" name="Ancestors_StopAtAParentLoop" />
    </UnitTest>
    <UnitTest name="Puluj.Api.Tests.AlertIntervalsTests.Clip_CutsAtThePeriodAndRunsOpenIntervalsToTheEnd" storage="c:\repos\puluj-g\tests\puluj.api.tests\bin\debug\net10.0\puluj.api.tests.dll" id="3fb59185-85c9-fed3-53a1-89dadaf651de">
      <Execution id="b3c13e46-5d54-4b01-bacd-1022d5d62878" />
      <TestMethod codeBase="C:\repos\Puluj-g\tests\Puluj.Api.Tests\bin\Debug\net10.0\Puluj.Api.Tests.dll" adapterTypeName="executor://xunit/VsTestRunner3/netcore/" className="Puluj.Api.Tests.AlertIntervalsTests" name="Clip_CutsAtThePeriodAndRunsOpenIntervalsToTheEnd" />
    </UnitTest>
    <UnitTest name="Puluj.Api.Tests.AlertIntervalsTests.Summarize_ClipsToThePeriodSplitsHoursByBucketAndKeepsOnlyRegionLevel" storage="c:\repos\puluj-g\tests\puluj.api.tests\bin\debug\net10.0\puluj.api.tests.dll" id="9443af4b-bbd3-8525-2041-06f5d8eae1f3">
      <Execution id="294bfd4a-269e-4e27-8878-bc893f47b8ee" />
      <TestMethod codeBase="C:\repos\Puluj-g\tests\Puluj.Api.Tests\bin\Debug\net10.0\Puluj.Api.Tests.dll" adapterTypeName="executor://xunit/VsTestRunner3/netcore/" className="Puluj.Api.Tests.AlertIntervalsTests" name="Summarize_ClipsToThePeriodSplitsHoursByBucketAndKeepsOnlyRegionLevel" />
    </UnitTest>
    <UnitTest name="Puluj.Api.Tests.AlertIntervalsTests.Summarize_DstDayHas23Hours" storage="c:\repos\puluj-g\tests\puluj.api.tests\bin\debug\net10.0\puluj.api.tests.dll" id="07a88438-eaef-a8d7-c0cb-54ed958e7a03">
      <Execution id="970ee316-4c86-4e86-b5c8-1b3aad67b0bc" />
      <TestMethod codeBase="C:\repos\Puluj-g\tests\Puluj.Api.Tests\bin\Debug\net10.0\Puluj.Api.Tests.dll" adapterTypeName="executor://xunit/VsTestRunner3/netcore/" className="Puluj.Api.Tests.AlertIntervalsTests" name="Summarize_DstDayHas23Hours" />
    </UnitTest>
    <UnitTest name="Puluj.Api.Tests.AlertIntervalsTests.IsRegionLevel_AcceptsOblastsAndParentlessCities" storage="c:\repos\puluj-g\tests\puluj.api.tests\bin\debug\net10.0\puluj.api.tests.dll" id="6e395040-7af0-20af-f682-323e0727d28a">
      <Execution id="1611494b-538f-4e60-ab01-4816a8174ffa" />
      <TestMethod codeBase="C:\repos\Puluj-g\tests\Puluj.Api.Tests\bin\Debug\net10.0\Puluj.Api.Tests.dll" adapterTypeName="executor://xunit/VsTestRunner3/netcore/" className="Puluj.Api.Tests.AlertIntervalsTests" name="IsRegionLevel_AcceptsOblastsAndParentlessCities" />
    </UnitTest>
    <UnitTest name="Puluj.Api.Tests.PlaceHierarchyTests.Ancestors_WalkNearestFirstUpToTheRoot" storage="c:\repos\puluj-g\tests\puluj.api.tests\bin\debug\net10.0\puluj.api.tests.dll" id="2a924ea6-885e-d6f6-2128-08d2bed39fab">
      <Execution id="ea0693b9-6856-430a-b06e-cb3e33a1541f" />
      <TestMethod codeBase="C:\repos\Puluj-g\tests\Puluj.Api.Tests\bin\Debug\net10.0\Puluj.Api.Tests.dll" adapterTypeName="executor://xunit/VsTestRunner3/netcore/" className="Puluj.Api.Tests.PlaceHierarchyTests" name="Ancestors_WalkNearestFirstUpToTheRoot" />
    </UnitTest>
    <UnitTest name="Puluj.Api.Tests.StatsBucketsTests.BucketFor_PicksTheUnitByLength(hours: 72, expected: Hour)" storage="c:\repos\puluj-g\tests\puluj.api.tests\bin\debug\net10.0\puluj.api.tests.dll" id="eeb97518-975a-1811-4819-f69d735d0b5e">
      <Execution id="a6958db3-e94d-4ccb-8faa-dfc43b877009" />
      <TestMethod codeBase="C:\repos\Puluj-g\tests\Puluj.Api.Tests\bin\Debug\net10.0\Puluj.Api.Tests.dll" adapterTypeName="executor://xunit/VsTestRunner3/netcore/" className="Puluj.Api.Tests.StatsBucketsTests" name="BucketFor_PicksTheUnitByLength" />
    </UnitTest>
    <UnitTest name="Puluj.Api.Tests.StatsFoldsTests.Slices_KeepEnumOrderDropZerosAndLabelValues" storage="c:\repos\puluj-g\tests\puluj.api.tests\bin\debug\net10.0\puluj.api.tests.dll" id="96d261cb-9333-831c-3c77-7ef088f4f8e7">
      <Execution id="28198e83-5338-4daf-bc67-6e047cea4e23" />
      <TestMethod codeBase="C:\repos\Puluj-g\tests\Puluj.Api.Tests\bin\Debug\net10.0\Puluj.Api.Tests.dll" adapterTypeName="executor://xunit/VsTestRunner3/netcore/" className="Puluj.Api.Tests.StatsFoldsTests" name="Slices_KeepEnumOrderDropZerosAndLabelValues" />
    </UnitTest>
    <UnitTest name="Puluj.Api.Tests.StatsBucketsTests.Starts_Weeks_StartOnMonday" storage="c:\repos\puluj-g\tests\puluj.api.tests\bin\debug\net10.0\puluj.api.tests.dll" id="f84055ca-b80b-34fe-ad03-a0e806765e27">
      <Execution id="18a9fcf4-eb13-401a-8270-608cc46f7702" />
      <TestMethod codeBase="C:\repos\Puluj-g\tests\Puluj.Api.Tests\bin\Debug\net10.0\Puluj.Api.Tests.dll" adapterTypeName="executor://xunit/VsTestRunner3/netcore/" className="Puluj.Api.Tests.StatsBucketsTests" name="Starts_Weeks_StartOnMonday" />
    </UnitTest>
    <UnitTest name="Puluj.Api.Tests.StatsBucketsTests.BucketFor_PicksTheUnitByLength(hours: 2904, expected: Week)" storage="c:\repos\puluj-g\tests\puluj.api.tests\bin\debug\net10.0\puluj.api.tests.dll" id="6d30955a-2977-ac46-4205-a1bf86c16597">
      <Execution id="f17a183a-336b-4893-a363-86e78350b877" />
      <TestMethod codeBase="C:\repos\Puluj-g\tests\Puluj.Api.Tests\bin\Debug\net10.0\Puluj.Api.Tests.dll" adapterTypeName="executor://xunit/VsTestRunner3/netcore/" className="Puluj.Api.Tests.StatsBucketsTests" name="BucketFor_PicksTheUnitByLength" />
    </UnitTest>
    <UnitTest name="Puluj.Api.Tests.StatsBucketsTests.Clamp_EndNotAfterNowSpanAtMostAYearAtLeastAnHour" storage="c:\repos\puluj-g\tests\puluj.api.tests\bin\debug\net10.0\puluj.api.tests.dll" id="95e3ee96-5af3-a48a-4916-14b6a906596b">
      <Execution id="a7cf7ff4-b18f-4357-b079-0b7c5ef7c997" />
      <TestMethod codeBase="C:\repos\Puluj-g\tests\Puluj.Api.Tests\bin\Debug\net10.0\Puluj.Api.Tests.dll" adapterTypeName="executor://xunit/VsTestRunner3/netcore/" className="Puluj.Api.Tests.StatsBucketsTests" name="Clamp_EndNotAfterNowSpanAtMostAYearAtLeastAnHour" />
    </UnitTest>
    <UnitTest name="Puluj.Api.Tests.EventKindDtoTests.Catalog_dto_carries_contract_category_and_legacy_enum_name" storage="c:\repos\puluj-g\tests\puluj.api.tests\bin\debug\net10.0\puluj.api.tests.dll" id="b6f1cb08-09b4-65da-2651-4994922bdd78">
      <Execution id="44b27abe-2e57-4d65-b635-5685f9c370ac" />
      <TestMethod codeBase="C:\repos\Puluj-g\tests\Puluj.Api.Tests\bin\Debug\net10.0\Puluj.Api.Tests.dll" adapterTypeName="executor://xunit/VsTestRunner3/netcore/" className="Puluj.Api.Tests.EventKindDtoTests" name="Catalog_dto_carries_contract_category_and_legacy_enum_name" />
    </UnitTest>
    <UnitTest name="Puluj.Api.Tests.StatsFoldsTests.Routes_FoldsPlacePairsIntoRegionPairs" storage="c:\repos\puluj-g\tests\puluj.api.tests\bin\debug\net10.0\puluj.api.tests.dll" id="dd08f237-af17-fab8-cc1b-520a9b5af3ed">
      <Execution id="b93d4551-da77-4bd8-9841-c2842fd6f304" />
      <TestMethod codeBase="C:\repos\Puluj-g\tests\Puluj.Api.Tests\bin\Debug\net10.0\Puluj.Api.Tests.dll" adapterTypeName="executor://xunit/VsTestRunner3/netcore/" className="Puluj.Api.Tests.StatsFoldsTests" name="Routes_FoldsPlacePairsIntoRegionPairs" />
    </UnitTest>
    <UnitTest name="Puluj.Api.Tests.PlaceHierarchyTests.Descendants_CoverEveryLevelBelowButNotTheOtherTree" storage="c:\repos\puluj-g\tests\puluj.api.tests\bin\debug\net10.0\puluj.api.tests.dll" id="7aef14ba-f233-ad05-35a4-cdaa716daeef">
      <Execution id="b6ad1751-28ce-4bd0-bb0d-df8fe2819b3c" />
      <TestMethod codeBase="C:\repos\Puluj-g\tests\Puluj.Api.Tests\bin\Debug\net10.0\Puluj.Api.Tests.dll" adapterTypeName="executor://xunit/VsTestRunner3/netcore/" className="Puluj.Api.Tests.PlaceHierarchyTests" name="Descendants_CoverEveryLevelBelowButNotTheOtherTree" />
    </UnitTest>
    <UnitTest name="Puluj.Api.Tests.StatsBucketsTests.IndexOf_FindsTheLastStartNotAfterTheInstant" storage="c:\repos\puluj-g\tests\puluj.api.tests\bin\debug\net10.0\puluj.api.tests.dll" id="e1ad05dd-84cf-171e-7441-cd3b94285c98">
      <Execution id="2b2e25f6-0b69-44f8-b1ec-6e1d7a684778" />
      <TestMethod codeBase="C:\repos\Puluj-g\tests\Puluj.Api.Tests\bin\Debug\net10.0\Puluj.Api.Tests.dll" adapterTypeName="executor://xunit/VsTestRunner3/netcore/" className="Puluj.Api.Tests.StatsBucketsTests" name="IndexOf_FindsTheLastStartNotAfterTheInstant" />
    </UnitTest>
    <UnitTest name="Puluj.Api.Tests.AlertIntervalsTests.Summarize_DurationBinsAreLeftClosed" storage="c:\repos\puluj-g\tests\puluj.api.tests\bin\debug\net10.0\puluj.api.tests.dll" id="905d6926-23e9-d9e9-2934-fcc144b6ac74">
      <Execution id="d91e49de-2081-45dd-8388-04cefa0de280" />
      <TestMethod codeBase="C:\repos\Puluj-g\tests\Puluj.Api.Tests\bin\Debug\net10.0\Puluj.Api.Tests.dll" adapterTypeName="executor://xunit/VsTestRunner3/netcore/" className="Puluj.Api.Tests.AlertIntervalsTests" name="Summarize_DurationBinsAreLeftClosed" />
    </UnitTest>
    <UnitTest name="Puluj.Api.Tests.StatsBucketsTests.Starts_Days_TheAutumnDstDayIsLonger" storage="c:\repos\puluj-g\tests\puluj.api.tests\bin\debug\net10.0\puluj.api.tests.dll" id="798f34da-4a68-b96c-41b4-fd4d8341c6d5">
      <Execution id="84f55163-d5bc-4030-ba6b-818988599239" />
      <TestMethod codeBase="C:\repos\Puluj-g\tests\Puluj.Api.Tests\bin\Debug\net10.0\Puluj.Api.Tests.dll" adapterTypeName="executor://xunit/VsTestRunner3/netcore/" className="Puluj.Api.Tests.StatsBucketsTests" name="Starts_Days_TheAutumnDstDayIsLonger" />
    </UnitTest>
    <UnitTest name="Puluj.Api.Tests.StatsBucketsTests.Starts_Hours_StartAtTheTruncatedHourAndEndBeforeTo" storage="c:\repos\puluj-g\tests\puluj.api.tests\bin\debug\net10.0\puluj.api.tests.dll" id="c65b7f55-09ab-07bc-f03a-1e609771ea2a">
      <Execution id="a04b2756-d45e-44a4-9a5e-40ee69afc7f6" />
      <TestMethod codeBase="C:\repos\Puluj-g\tests\Puluj.Api.Tests\bin\Debug\net10.0\Puluj.Api.Tests.dll" adapterTypeName="executor://xunit/VsTestRunner3/netcore/" className="Puluj.Api.Tests.StatsBucketsTests" name="Starts_Hours_StartAtTheTruncatedHourAndEndBeforeTo" />
    </UnitTest>
    <UnitTest name="Puluj.Api.Tests.StatsBucketsTests.BucketFor_PicksTheUnitByLength(hours: 1, expected: Hour)" storage="c:\repos\puluj-g\tests\puluj.api.tests\bin\debug\net10.0\puluj.api.tests.dll" id="e23cc259-d912-8508-4337-a27a20f121c2">
      <Execution id="f50b7dea-ab1e-4e99-8daf-813a2bcc3a02" />
      <TestMethod codeBase="C:\repos\Puluj-g\tests\Puluj.Api.Tests\bin\Debug\net10.0\Puluj.Api.Tests.dll" adapterTypeName="executor://xunit/VsTestRunner3/netcore/" className="Puluj.Api.Tests.StatsBucketsTests" name="BucketFor_PicksTheUnitByLength" />
    </UnitTest>
    <UnitTest name="Puluj.Api.Tests.StatsBucketsTests.BucketFor_PicksTheUnitByLength(hours: 2880, expected: Day)" storage="c:\repos\puluj-g\tests\puluj.api.tests\bin\debug\net10.0\puluj.api.tests.dll" id="709a7389-7ea6-be00-ce38-d646656c3914">
      <Execution id="92af1ecd-e941-4aca-bd00-fe12b6844c96" />
      <TestMethod codeBase="C:\repos\Puluj-g\tests\Puluj.Api.Tests\bin\Debug\net10.0\Puluj.Api.Tests.dll" adapterTypeName="executor://xunit/VsTestRunner3/netcore/" className="Puluj.Api.Tests.StatsBucketsTests" name="BucketFor_PicksTheUnitByLength" />
    </UnitTest>
    <UnitTest name="Puluj.Api.Tests.AlertIntervalsTests.SplitHours_CutsAnIntervalAtBucketBorders" storage="c:\repos\puluj-g\tests\puluj.api.tests\bin\debug\net10.0\puluj.api.tests.dll" id="6df5e6fe-51d4-53e6-3c6d-1017a1859685">
      <Execution id="e1851ae7-c012-451a-8e31-0df879f091df" />
      <TestMethod codeBase="C:\repos\Puluj-g\tests\Puluj.Api.Tests\bin\Debug\net10.0\Puluj.Api.Tests.dll" adapterTypeName="executor://xunit/VsTestRunner3/netcore/" className="Puluj.Api.Tests.AlertIntervalsTests" name="SplitHours_CutsAnIntervalAtBucketBorders" />
    </UnitTest>
    <UnitTest name="Puluj.Api.Tests.StatsFoldsTests.CategoryIndex_UnknownCodesFoldIntoTheLastSlot" storage="c:\repos\puluj-g\tests\puluj.api.tests\bin\debug\net10.0\puluj.api.tests.dll" id="edd41bc0-fac8-388c-f6a7-8a88dda2a32f">
      <Execution id="220b4cb7-609e-4d48-9b5d-e854d5a020e7" />
      <TestMethod codeBase="C:\repos\Puluj-g\tests\Puluj.Api.Tests\bin\Debug\net10.0\Puluj.Api.Tests.dll" adapterTypeName="executor://xunit/VsTestRunner3/netcore/" className="Puluj.Api.Tests.StatsFoldsTests" name="CategoryIndex_UnknownCodesFoldIntoTheLastSlot" />
    </UnitTest>
    <UnitTest name="Puluj.Api.Tests.StatsBucketsTests.Starts_Days_AreKyivMidnightsAndTheDstDayIsShorter" storage="c:\repos\puluj-g\tests\puluj.api.tests\bin\debug\net10.0\puluj.api.tests.dll" id="b8bf897c-0283-dd0c-74ac-6254094ea968">
      <Execution id="023d4630-8ab7-474c-be11-3b1a83c2feaa" />
      <TestMethod codeBase="C:\repos\Puluj-g\tests\Puluj.Api.Tests\bin\Debug\net10.0\Puluj.Api.Tests.dll" adapterTypeName="executor://xunit/VsTestRunner3/netcore/" className="Puluj.Api.Tests.StatsBucketsTests" name="Starts_Days_AreKyivMidnightsAndTheDstDayIsShorter" />
    </UnitTest>
    <UnitTest name="Puluj.Api.Tests.EventKindDtoTests.Target_dto_keeps_event_type_and_defaults_kind_code_to_null" storage="c:\repos\puluj-g\tests\puluj.api.tests\bin\debug\net10.0\puluj.api.tests.dll" id="423d2d74-5484-59d2-44fe-39471d7038c1">
      <Execution id="aa3e98c1-10a3-45af-8cc1-46c7f959a425" />
      <TestMethod codeBase="C:\repos\Puluj-g\tests\Puluj.Api.Tests\bin\Debug\net10.0\Puluj.Api.Tests.dll" adapterTypeName="executor://xunit/VsTestRunner3/netcore/" className="Puluj.Api.Tests.EventKindDtoTests" name="Target_dto_keeps_event_type_and_defaults_kind_code_to_null" />
    </UnitTest>
  </TestDefinitions>
  <TestEntries>
    <TestEntry testId="fac8dab0-8cf0-1fb8-7afa-08c06e09f5fa" executionId="83092aff-e491-442e-bca9-44c206bbafc7" testListId="8c84fa94-04c1-424b-9868-57a2d4851a1d" />
    <TestEntry testId="3fb59185-85c9-fed3-53a1-89dadaf651de" executionId="b3c13e46-5d54-4b01-bacd-1022d5d62878" testListId="8c84fa94-04c1-424b-9868-57a2d4851a1d" />
    <TestEntry testId="56f13905-c511-a69f-9892-4046a8afbcfe" executionId="06bc283a-33e7-4541-aa06-6cb8da726378" testListId="8c84fa94-04c1-424b-9868-57a2d4851a1d" />
    <TestEntry testId="2a924ea6-885e-d6f6-2128-08d2bed39fab" executionId="ea0693b9-6856-430a-b06e-cb3e33a1541f" testListId="8c84fa94-04c1-424b-9868-57a2d4851a1d" />
    <TestEntry testId="a42eab93-d22e-0fac-a9d5-be53d1e43c45" executionId="614c99c7-1a77-496d-9ba0-35d843e236ac" testListId="8c84fa94-04c1-424b-9868-57a2d4851a1d" />
    <TestEntry testId="f84055ca-b80b-34fe-ad03-a0e806765e27" executionId="18a9fcf4-eb13-401a-8270-608cc46f7702" testListId="8c84fa94-04c1-424b-9868-57a2d4851a1d" />
    <TestEntry testId="95e3ee96-5af3-a48a-4916-14b6a906596b" executionId="a7cf7ff4-b18f-4357-b079-0b7c5ef7c997" testListId="8c84fa94-04c1-424b-9868-57a2d4851a1d" />
    <TestEntry testId="709a7389-7ea6-be00-ce38-d646656c3914" executionId="92af1ecd-e941-4aca-bd00-fe12b6844c96" testListId="8c84fa94-04c1-424b-9868-57a2d4851a1d" />
    <TestEntry testId="e4178572-ae7a-9e94-fe3a-2ae0f8917e14" executionId="17c5016b-c0f4-4626-851a-983937f2ed83" testListId="8c84fa94-04c1-424b-9868-57a2d4851a1d" />
    <TestEntry testId="96d261cb-9333-831c-3c77-7ef088f4f8e7" executionId="28198e83-5338-4daf-bc67-6e047cea4e23" testListId="8c84fa94-04c1-424b-9868-57a2d4851a1d" />
    <TestEntry testId="7aef14ba-f233-ad05-35a4-cdaa716daeef" executionId="b6ad1751-28ce-4bd0-bb0d-df8fe2819b3c" testListId="8c84fa94-04c1-424b-9868-57a2d4851a1d" />
    <TestEntry testId="b8bf897c-0283-dd0c-74ac-6254094ea968" executionId="023d4630-8ab7-474c-be11-3b1a83c2feaa" testListId="8c84fa94-04c1-424b-9868-57a2d4851a1d" />
    <TestEntry testId="eecdcbdd-5c7d-8beb-fb2b-cf65b9657ab7" executionId="e59036eb-a20f-49a1-b6d7-faeda46fa381" testListId="8c84fa94-04c1-424b-9868-57a2d4851a1d" />
    <TestEntry testId="9443af4b-bbd3-8525-2041-06f5d8eae1f3" executionId="294bfd4a-269e-4e27-8878-bc893f47b8ee" testListId="8c84fa94-04c1-424b-9868-57a2d4851a1d" />
    <TestEntry testId="eeb97518-975a-1811-4819-f69d735d0b5e" executionId="a6958db3-e94d-4ccb-8faa-dfc43b877009" testListId="8c84fa94-04c1-424b-9868-57a2d4851a1d" />
    <TestEntry testId="edd41bc0-fac8-388c-f6a7-8a88dda2a32f" executionId="220b4cb7-609e-4d48-9b5d-e854d5a020e7" testListId="8c84fa94-04c1-424b-9868-57a2d4851a1d" />
    <TestEntry testId="87fa15f0-d340-2435-2772-6d08a3fce0d3" executionId="afe47993-88e8-459f-b379-c75ae43aaebd" testListId="8c84fa94-04c1-424b-9868-57a2d4851a1d" />
    <TestEntry testId="e1ad05dd-84cf-171e-7441-cd3b94285c98" executionId="2b2e25f6-0b69-44f8-b1ec-6e1d7a684778" testListId="8c84fa94-04c1-424b-9868-57a2d4851a1d" />
    <TestEntry testId="905d6926-23e9-d9e9-2934-fcc144b6ac74" executionId="d91e49de-2081-45dd-8388-04cefa0de280" testListId="8c84fa94-04c1-424b-9868-57a2d4851a1d" />
    <TestEntry testId="ca926678-e0f4-725f-e745-83109a7a6ef9" executionId="126662e0-671e-4c4a-9846-e78a1b09d97a" testListId="8c84fa94-04c1-424b-9868-57a2d4851a1d" />
    <TestEntry testId="6e395040-7af0-20af-f682-323e0727d28a" executionId="1611494b-538f-4e60-ab01-4816a8174ffa" testListId="8c84fa94-04c1-424b-9868-57a2d4851a1d" />
    <TestEntry testId="6d30955a-2977-ac46-4205-a1bf86c16597" executionId="f17a183a-336b-4893-a363-86e78350b877" testListId="8c84fa94-04c1-424b-9868-57a2d4851a1d" />
    <TestEntry testId="07a88438-eaef-a8d7-c0cb-54ed958e7a03" executionId="970ee316-4c86-4e86-b5c8-1b3aad67b0bc" testListId="8c84fa94-04c1-424b-9868-57a2d4851a1d" />
    <TestEntry testId="c65b7f55-09ab-07bc-f03a-1e609771ea2a" executionId="a04b2756-d45e-44a4-9a5e-40ee69afc7f6" testListId="8c84fa94-04c1-424b-9868-57a2d4851a1d" />
    <TestEntry testId="423d2d74-5484-59d2-44fe-39471d7038c1" executionId="aa3e98c1-10a3-45af-8cc1-46c7f959a425" testListId="8c84fa94-04c1-424b-9868-57a2d4851a1d" />
    <TestEntry testId="b6f1cb08-09b4-65da-2651-4994922bdd78" executionId="44b27abe-2e57-4d65-b635-5685f9c370ac" testListId="8c84fa94-04c1-424b-9868-57a2d4851a1d" />
    <TestEntry testId="e23cc259-d912-8508-4337-a27a20f121c2" executionId="f50b7dea-ab1e-4e99-8daf-813a2bcc3a02" testListId="8c84fa94-04c1-424b-9868-57a2d4851a1d" />
    <TestEntry testId="6df5e6fe-51d4-53e6-3c6d-1017a1859685" executionId="e1851ae7-c012-451a-8e31-0df879f091df" testListId="8c84fa94-04c1-424b-9868-57a2d4851a1d" />
    <TestEntry testId="798f34da-4a68-b96c-41b4-fd4d8341c6d5" executionId="84f55163-d5bc-4030-ba6b-818988599239" testListId="8c84fa94-04c1-424b-9868-57a2d4851a1d" />
    <TestEntry testId="dd08f237-af17-fab8-cc1b-520a9b5af3ed" executionId="b93d4551-da77-4bd8-9841-c2842fd6f304" testListId="8c84fa94-04c1-424b-9868-57a2d4851a1d" />
  </TestEntries>
  <TestLists>
    <TestList name="Results Not in a List" id="8c84fa94-04c1-424b-9868-57a2d4851a1d" />
    <TestList name="All Loaded Results" id="19431567-8539-422a-85d7-44ee4e166bda" />
  </TestLists>
  <ResultSummary outcome="Completed">
    <Counters total="30" executed="30" passed="30" failed="0" error="0" timeout="0" aborted="0" inconclusive="0" passedButRunAborted="0" notRunnable="0" notExecuted="0" disconnected="0" warning="0" completed="0" inProgress="0" pending="0" />
    <Output>
      <StdOut>[xUnit.net 00:00:00.00] xUnit.net VSTest Adapter v3.1.4+50e68bbb8b (64-bit .NET 10.0.12)&#xD;
[xUnit.net 00:00:00.10]   Discovering: Puluj.Api.Tests&#xD;
[xUnit.net 00:00:00.35]   Discovered:  Puluj.Api.Tests&#xD;
[xUnit.net 00:00:00.39]   Starting:    Puluj.Api.Tests&#xD;
[xUnit.net 00:00:00.66]   Finished:    Puluj.Api.Tests&#xD;
</StdOut>
    </Output>
  </ResultSummary>
</TestRun>