<?xml version="1.0" encoding="utf-8"?>
<TestRun id="cfb40423-ef4f-48a8-ae9e-443fa9bf03fc" name="aleks@ASUS-MONK 2026-09-16 17:47:28" runUser="ASUS-MONK\aleks" xmlns="http://microsoft.com/schemas/VisualStudio/TeamTest/2010">
  <Times creation="2026-09-16T17:47:28.4540971+03:00" queuing="2026-09-16T17:47:28.4540975+03:00" start="2026-09-16T17:47:27.4972961+03:00" finish="2026-09-16T17:47:28.5551002+03:00" />
  <TestSettings name="default" id="67d120e2-e49e-44ed-ad33-3ee893a1a710">
    <Deployment runDeploymentRoot="aleks_ASUS-MONK_2026-09-16_17_47_28" />
  </TestSettings>
  <Results>
    <UnitTestResult executionId="5f1d3060-5464-4fa6-8cd1-c21e1b033799" testId="31e89d84-d2ca-e9d6-d869-edecbd639e73" testName="Puluj.Messaging.Contracts.Tests.FixtureSchemaTests.T01_ValidFixture_PassesEnvelopeAndPayloadSchema(file: &quot;llm.requested.json&quot;)" computerName="ASUS-MONK" duration="00:00:00.0006261" startTime="2026-09-16T17:47:28.4802199+03:00" endTime="2026-09-16T17:47:28.4808279+03:00" testType="13cdc9d9-ddb5-4fa4-a97d-d965ccfc6d4b" outcome="Passed" testListId="8c84fa94-04c1-424b-9868-57a2d4851a1d" relativeResultsDirectory="5f1d3060-5464-4fa6-8cd1-c21e1b033799" />
    <UnitTestResult executionId="314f4e6f-bd31-48a5-9642-e79bf82b96fa" testId="2119839d-0e3b-6f0d-fb91-e5a407722d1b" testName="Puluj.Messaging.Contracts.Tests.FixtureSchemaTests.T02_InvalidFixture_FailsWithExpectedPath(file: &quot;bad-lane.json&quot;)" computerName="ASUS-MONK" duration="00:00:00.0005460" startTime="2026-09-16T17:47:28.4428014+03:00" endTime="2026-09-16T17:47:28.4433166+03:00" testType="13cdc9d9-ddb5-4fa4-a97d-d965ccfc6d4b" outcome="Passed" testListId="8c84fa94-04c1-424b-9868-57a2d4851a1d" relativeResultsDirectory="314f4e6f-bd31-48a5-9642-e79bf82b96fa" />
    <UnitTestResult executionId="4128d1ca-d3fa-4ba1-a59e-8e970ac075db" testId="19ab8ddf-308c-d1ae-8ce8-538ec6ab82a2" testName="Puluj.Messaging.Contracts.Tests.FixtureSchemaTests.T01_ValidFixture_PassesEnvelopeAndPayloadSchema(file: &quot;message.normalized.empty.json&quot;)" computerName="ASUS-MONK" duration="00:00:00.0008104" startTime="2026-09-16T17:47:28.4775552+03:00" endTime="2026-09-16T17:47:28.4778339+03:00" testType="13cdc9d9-ddb5-4fa4-a97d-d965ccfc6d4b" outcome="Passed" testListId="8c84fa94-04c1-424b-9868-57a2d4851a1d" relativeResultsDirectory="4128d1ca-d3fa-4ba1-a59e-8e970ac075db" />
    <UnitTestResult executionId="d6f7dc51-4c2e-46c5-bd8a-277f2961b4be" testId="7aa76f44-ed8d-4ff8-422a-72ce76490c2a" testName="Puluj.Messaging.Contracts.Tests.FixtureSchemaTests.T02_InvalidFixture_FailsWithExpectedPath(file: &quot;non-root-null-causation.json&quot;)" computerName="ASUS-MONK" duration="00:00:00.0007260" startTime="2026-09-16T17:47:28.4397942+03:00" endTime="2026-09-16T17:47:28.4404359+03:00" testType="13cdc9d9-ddb5-4fa4-a97d-d965ccfc6d4b" outcome="Passed" testListId="8c84fa94-04c1-424b-9868-57a2d4851a1d" relativeResultsDirectory="d6f7dc51-4c2e-46c5-bd8a-277f2961b4be" />
    <UnitTestResult executionId="4fcd12e1-7f3a-43d1-aa9c-5b94fbee24ea" testId="875ca185-06c0-4638-20e8-8e195b05e10f" testName="Puluj.Messaging.Contracts.Tests.FixtureSchemaTests.T01_ValidFixture_PassesEnvelopeAndPayloadSchema(file: &quot;track.expiry.requested.json&quot;)" computerName="ASUS-MONK" duration="00:00:00.0008545" startTime="2026-09-16T17:47:28.4596652+03:00" endTime="2026-09-16T17:47:28.4604922+03:00" testType="13cdc9d9-ddb5-4fa4-a97d-d965ccfc6d4b" outcome="Passed" testListId="8c84fa94-04c1-424b-9868-57a2d4851a1d" relativeResultsDirectory="4fcd12e1-7f3a-43d1-aa9c-5b94fbee24ea" />
    <UnitTestResult executionId="70eedcfa-6b49-47f0-b695-c46b3ed9a9a9" testId="3f18d97e-3144-12b6-d50e-9bbc3bb710d4" testName="Puluj.Messaging.Contracts.Tests.FixtureSchemaTests.T01_ValidFixture_PassesEnvelopeAndPayloadSchema(file: &quot;alert.expiry.requested.json&quot;)" computerName="ASUS-MONK" duration="00:00:00.0008408" startTime="2026-09-16T17:47:28.4780066+03:00" endTime="2026-09-16T17:47:28.4787428+03:00" testType="13cdc9d9-ddb5-4fa4-a97d-d965ccfc6d4b" outcome="Passed" testListId="8c84fa94-04c1-424b-9868-57a2d4851a1d" relativeResultsDirectory="70eedcfa-6b49-47f0-b695-c46b3ed9a9a9" />
    <UnitTestResult executionId="e84ad247-05ad-4084-891b-c6c87ca44107" testId="95ea346d-4871-62eb-6fab-bf2e289e76ec" testName="Puluj.Messaging.Contracts.Tests.FixtureSchemaTests.T01_ValidFixture_PassesEnvelopeAndPayloadSchema(file: &quot;ingress.received.telegram-edit.json&quot;)" computerName="ASUS-MONK" duration="00:00:00.0019009" startTime="2026-09-16T17:47:28.4641816+03:00" endTime="2026-09-16T17:47:28.4660732+03:00" testType="13cdc9d9-ddb5-4fa4-a97d-d965ccfc6d4b" outcome="Passed" testListId="8c84fa94-04c1-424b-9868-57a2d4851a1d" relativeResultsDirectory="e84ad247-05ad-4084-891b-c6c87ca44107" />
    <UnitTestResult executionId="2703050d-cf2c-4200-827b-988218fffd6f" testId="0608f9c7-fc27-e992-f49d-36631f233b62" testName="Puluj.Messaging.Contracts.Tests.FixtureSchemaTests.T01_ValidFixture_PassesEnvelopeAndPayloadSchema(file: &quot;message.analysis.completed.json&quot;)" computerName="ASUS-MONK" duration="00:00:00.0015749" startTime="2026-09-16T17:47:28.4721421+03:00" endTime="2026-09-16T17:47:28.4736939+03:00" testType="13cdc9d9-ddb5-4fa4-a97d-d965ccfc6d4b" outcome="Passed" testListId="8c84fa94-04c1-424b-9868-57a2d4851a1d" relativeResultsDirectory="2703050d-cf2c-4200-827b-988218fffd6f" />
    <UnitTestResult executionId="1bf29f6b-0a2c-4b62-af7d-024a68180543" testId="6c17d33a-a88d-b6a0-d774-420e297b3100" testName="Puluj.Messaging.Contracts.Tests.FixtureSchemaTests.T02_InvalidFixture_FailsWithExpectedPath(file: &quot;breaking-type-change.json&quot;)" computerName="ASUS-MONK" duration="00:00:00.0022498" startTime="2026-09-16T17:47:28.4443861+03:00" endTime="2026-09-16T17:47:28.4456136+03:00" testType="13cdc9d9-ddb5-4fa4-a97d-d965ccfc6d4b" outcome="Passed" testListId="8c84fa94-04c1-424b-9868-57a2d4851a1d" relativeResultsDirectory="1bf29f6b-0a2c-4b62-af7d-024a68180543" />
    <UnitTestResult executionId="d16191d7-0155-42a5-b9de-dd9a3a221eee" testId="675a8a70-7d3c-803b-3097-e27462ac0cd5" testName="Puluj.Messaging.Contracts.Tests.FixtureSchemaTests.T01_ValidFixture_PassesEnvelopeAndPayloadSchema(file: &quot;message.analysis.completed.no-facts.json&quot;)" computerName="ASUS-MONK" duration="00:00:00.0009933" startTime="2026-09-16T17:47:28.4616461+03:00" endTime="2026-09-16T17:47:28.4626102+03:00" testType="13cdc9d9-ddb5-4fa4-a97d-d965ccfc6d4b" outcome="Passed" testListId="8c84fa94-04c1-424b-9868-57a2d4851a1d" relativeResultsDirectory="d16191d7-0155-42a5-b9de-dd9a3a221eee" />
    <UnitTestResult executionId="48d55278-d9e4-44a2-bf4c-7708c8ef5e9c" testId="192a847b-b4e8-2afa-0e18-ad2c3d6c9025" testName="Puluj.Messaging.Contracts.Tests.FixtureSchemaTests.T02_InvalidFixture_FailsWithExpectedPath(file: &quot;bad-traceparent.json&quot;)" computerName="ASUS-MONK" duration="00:00:00.0007467" startTime="2026-09-16T17:47:28.4486175+03:00" endTime="2026-09-16T17:47:28.4492799+03:00" testType="13cdc9d9-ddb5-4fa4-a97d-d965ccfc6d4b" outcome="Passed" testListId="8c84fa94-04c1-424b-9868-57a2d4851a1d" relativeResultsDirectory="48d55278-d9e4-44a2-bf4c-7708c8ef5e9c" />
    <UnitTestResult executionId="b061a773-b1cf-4c91-9dab-edce66dbfdbd" testId="dbee6408-8d11-de2e-932d-06d6ac0d0fa1" testName="Puluj.Messaging.Contracts.Tests.TopologyRegistryTests.T03_RegistryContainsExpectedEventTypesSubscriptionsAndRequiredSets" computerName="ASUS-MONK" duration="00:00:00.0023689" startTime="2026-09-16T17:47:28.3558461+03:00" endTime="2026-09-16T17:47:28.3581774+03:00" testType="13cdc9d9-ddb5-4fa4-a97d-d965ccfc6d4b" outcome="Passed" testListId="8c84fa94-04c1-424b-9868-57a2d4851a1d" relativeResultsDirectory="b061a773-b1cf-4c91-9dab-edce66dbfdbd" />
    <UnitTestResult executionId="02a8715f-496d-4d5a-a403-cd61f701b8d1" testId="949d7c37-f1b1-95d8-040e-f10526def8b9" testName="Puluj.Messaging.Contracts.Tests.CompatibilityTests.T10_BreakingChanges_FailCurrentSchema" computerName="ASUS-MONK" duration="00:00:00.0022962" startTime="2026-09-16T17:47:28.4891854+03:00" endTime="2026-09-16T17:47:28.4915640+03:00" testType="13cdc9d9-ddb5-4fa4-a97d-d965ccfc6d4b" outcome="Passed" testListId="8c84fa94-04c1-424b-9868-57a2d4851a1d" relativeResultsDirectory="02a8715f-496d-4d5a-a403-cd61f701b8d1" />
    <UnitTestResult executionId="ba4d4076-7d37-4097-8ba3-a143f2634d7c" testId="395d72a0-56a7-9938-e9ef-8121f93b949d" testName="Puluj.Messaging.Contracts.Tests.TopologyRegistryTests.T14_AsyncApiReferencesExistingSchemasAndEveryEventType" computerName="ASUS-MONK" duration="00:00:00.0444338" startTime="2026-09-16T17:47:28.3139290+03:00" endTime="2026-09-16T17:47:28.3557365+03:00" testType="13cdc9d9-ddb5-4fa4-a97d-d965ccfc6d4b" outcome="Passed" testListId="8c84fa94-04c1-424b-9868-57a2d4851a1d" relativeResultsDirectory="ba4d4076-7d37-4097-8ba3-a143f2634d7c" />
    <UnitTestResult executionId="91d921ad-ab98-4a12-8f4a-3f89c2095d99" testId="8ab3b557-2d12-6d63-edaa-5a6ac1625ce7" testName="Puluj.Messaging.Contracts.Tests.FixtureSchemaTests.T01_ValidFixture_PassesEnvelopeAndPayloadSchema(file: &quot;ingress.received.alerts-start.json&quot;)" computerName="ASUS-MONK" duration="00:00:00.0005989" startTime="2026-09-16T17:47:28.4743472+03:00" endTime="2026-09-16T17:47:28.4749570+03:00" testType="13cdc9d9-ddb5-4fa4-a97d-d965ccfc6d4b" outcome="Passed" testListId="8c84fa94-04c1-424b-9868-57a2d4851a1d" relativeResultsDirectory="91d921ad-ab98-4a12-8f4a-3f89c2095d99" />
    <UnitTestResult executionId="066883cd-4834-47c5-ba55-063f594009d7" testId="4364c4b9-e975-eae9-a461-6a3c80d4d210" testName="Puluj.Messaging.Contracts.Tests.FixtureSchemaTests.T01_ValidFixture_PassesEnvelopeAndPayloadSchema(file: &quot;observations.recorded.alerts-start.json&quot;)" computerName="ASUS-MONK" duration="00:00:00.0006813" startTime="2026-09-16T17:47:28.4686346+03:00" endTime="2026-09-16T17:47:28.4691952+03:00" testType="13cdc9d9-ddb5-4fa4-a97d-d965ccfc6d4b" outcome="Passed" testListId="8c84fa94-04c1-424b-9868-57a2d4851a1d" relativeResultsDirectory="066883cd-4834-47c5-ba55-063f594009d7" />
    <UnitTestResult executionId="28765e9c-fd40-465d-b429-7ecae46c8d54" testId="d6335144-4c79-cf8a-a0b4-d8ef42d46e39" testName="Puluj.Messaging.Contracts.Tests.FixtureSchemaTests.T02_InvalidFixture_FailsWithExpectedPath(file: &quot;unknown-event-type.json&quot;)" computerName="ASUS-MONK" duration="00:00:00.0005938" startTime="2026-09-16T17:47:28.4421875+03:00" endTime="2026-09-16T17:47:28.4427347+03:00" testType="13cdc9d9-ddb5-4fa4-a97d-d965ccfc6d4b" outcome="Passed" testListId="8c84fa94-04c1-424b-9868-57a2d4851a1d" relativeResultsDirectory="28765e9c-fd40-465d-b429-7ecae46c8d54" />
    <UnitTestResult executionId="734b261b-445a-4c0c-a023-aaae76809246" testId="260760c4-5d7e-c811-0c21-da0802150b1b" testName="Puluj.Messaging.Contracts.Tests.FixtureSchemaTests.T01_ValidFixture_PassesEnvelopeAndPayloadSchema(file: &quot;llm.failed.json&quot;)" computerName="ASUS-MONK" duration="00:00:00.0005823" startTime="2026-09-16T17:47:28.4737432+03:00" endTime="2026-09-16T17:47:28.4742950+03:00" testType="13cdc9d9-ddb5-4fa4-a97d-d965ccfc6d4b" outcome="Passed" testListId="8c84fa94-04c1-424b-9868-57a2d4851a1d" relativeResultsDirectory="734b261b-445a-4c0c-a023-aaae76809246" />
    <UnitTestResult executionId="e97470df-f015-44cf-b19f-a859a81567da" testId="cc889d9f-a8ee-2b90-da5e-89791fb4e9b7" testName="Puluj.Messaging.Contracts.Tests.FixtureSchemaTests.T01_ValidFixture_PassesEnvelopeAndPayloadSchema(file: &quot;track.changed.json&quot;)" computerName="ASUS-MONK" duration="00:00:00.0006883" startTime="2026-09-16T17:47:28.4788183+03:00" endTime="2026-09-16T17:47:28.4794288+03:00" testType="13cdc9d9-ddb5-4fa4-a97d-d965ccfc6d4b" outcome="Passed" testListId="8c84fa94-04c1-424b-9868-57a2d4851a1d" relativeResultsDirectory="e97470df-f015-44cf-b19f-a859a81567da" />
    <UnitTestResult executionId="f57fdc99-e366-4a00-bc2c-3eb2c4b3686f" testId="adfc638c-6067-b2cd-8a12-f9b86b1554a9" testName="Puluj.Messaging.Contracts.Tests.FixtureSchemaTests.T02_InvalidFixture_FailsWithExpectedPath(file: &quot;payload-and-payload-ref.json&quot;)" computerName="ASUS-MONK" duration="00:00:00.0017339" startTime="2026-09-16T17:47:28.4456843+03:00" endTime="2026-09-16T17:47:28.4474075+03:00" testType="13cdc9d9-ddb5-4fa4-a97d-d965ccfc6d4b" outcome="Passed" testListId="8c84fa94-04c1-424b-9868-57a2d4851a1d" relativeResultsDirectory="f57fdc99-e366-4a00-bc2c-3eb2c4b3686f" />
    <UnitTestResult executionId="9fd3c416-5699-4600-999b-fc305db1b64b" testId="fdcd903e-ab4c-a56c-fd5d-c184a6cd2d12" testName="Puluj.Messaging.Contracts.Tests.FixtureSchemaTests.T01_ValidFixture_PassesEnvelopeAndPayloadSchema(file: &quot;ingress.received.json&quot;)" computerName="ASUS-MONK" duration="00:00:00.0006428" startTime="2026-09-16T17:47:28.4808804+03:00" endTime="2026-09-16T17:47:28.4815093+03:00" testType="13cdc9d9-ddb5-4fa4-a97d-d965ccfc6d4b" outcome="Passed" testListId="8c84fa94-04c1-424b-9868-57a2d4851a1d" relativeResultsDirectory="9fd3c416-5699-4600-999b-fc305db1b64b" />
    <UnitTestResult executionId="a098cdb4-2f0e-4ca0-9dfe-05d3d89895dc" testId="4df99c02-794b-0caf-c189-3cd168240c74" testName="Puluj.Messaging.Contracts.Tests.FixtureSchemaTests.T01_ValidFixture_PassesEnvelopeAndPayloadSchema(file: &quot;parse.completed.no-facts.json&quot;)" computerName="ASUS-MONK" duration="00:00:00.0005782" startTime="2026-09-16T17:47:28.4815688+03:00" endTime="2026-09-16T17:47:28.4821329+03:00" testType="13cdc9d9-ddb5-4fa4-a97d-d965ccfc6d4b" outcome="Passed" testListId="8c84fa94-04c1-424b-9868-57a2d4851a1d" relativeResultsDirectory="a098cdb4-2f0e-4ca0-9dfe-05d3d89895dc" />
    <UnitTestResult executionId="e47ed574-1583-448a-b57a-8271233f8b5b" testId="70a2cdb8-b53d-981b-a24b-70c684dc3495" testName="Puluj.Messaging.Contracts.Tests.FixtureSchemaTests.T01_ValidFixture_PassesEnvelopeAndPayloadSchema(file: &quot;incident.changed.json&quot;)" computerName="ASUS-MONK" duration="00:00:00.0008871" startTime="2026-09-16T17:47:28.4772941+03:00" endTime="2026-09-16T17:47:28.4773969+03:00" testType="13cdc9d9-ddb5-4fa4-a97d-d965ccfc6d4b" outcome="Passed" testListId="8c84fa94-04c1-424b-9868-57a2d4851a1d" relativeResultsDirectory="e47ed574-1583-448a-b57a-8271233f8b5b" />
    <UnitTestResult executionId="e678994d-fe85-45b5-ac0f-8a58cf56d026" testId="8202b046-cb2b-e5eb-2404-8554721564f8" testName="Puluj.Messaging.Contracts.Tests.FixtureSchemaTests.T02_InvalidFixture_FailsWithExpectedPath(file: &quot;missing-event-id.json&quot;)" computerName="ASUS-MONK" duration="00:00:00.0007217" startTime="2026-09-16T17:47:28.4275720+03:00" endTime="2026-09-16T17:47:28.4281822+03:00" testType="13cdc9d9-ddb5-4fa4-a97d-d965ccfc6d4b" outcome="Passed" testListId="8c84fa94-04c1-424b-9868-57a2d4851a1d" relativeResultsDirectory="e678994d-fe85-45b5-ac0f-8a58cf56d026" />
    <UnitTestResult executionId="1bd2c638-59d5-46c7-b2f1-a48797dbc921" testId="d15bb7e6-0b0f-844d-5840-7145c579f213" testName="Puluj.Messaging.Contracts.Tests.FixtureSchemaTests.T01_ValidFixture_PassesEnvelopeAndPayloadSchema(file: &quot;parse.completed.needs-llm.json&quot;)" computerName="ASUS-MONK" duration="00:00:00.0005473" startTime="2026-09-16T17:47:28.4755096+03:00" endTime="2026-09-16T17:47:28.4761141+03:00" testType="13cdc9d9-ddb5-4fa4-a97d-d965ccfc6d4b" outcome="Passed" testListId="8c84fa94-04c1-424b-9868-57a2d4851a1d" relativeResultsDirectory="1bd2c638-59d5-46c7-b2f1-a48797dbc921" />
    <UnitTestResult executionId="a1d09ff5-2655-446f-98b5-688451a1f43e" testId="756aed86-b263-46f1-6be5-8b368b33de58" testName="Puluj.Messaging.Contracts.Tests.FixtureSchemaTests.T01_ValidFixture_PassesEnvelopeAndPayloadSchema(file: &quot;alert.changed.json&quot;)" computerName="ASUS-MONK" duration="00:00:00.0006035" startTime="2026-09-16T17:47:28.4671518+03:00" endTime="2026-09-16T17:47:28.4677269+03:00" testType="13cdc9d9-ddb5-4fa4-a97d-d965ccfc6d4b" outcome="Passed" testListId="8c84fa94-04c1-424b-9868-57a2d4851a1d" relativeResultsDirectory="a1d09ff5-2655-446f-98b5-688451a1f43e" />
    <UnitTestResult executionId="430526ee-9640-49be-82de-e9599bb2c839" testId="05a54dc2-05fa-d472-72e7-5a718fd3909c" testName="Puluj.Messaging.Contracts.Tests.FixtureSchemaTests.T01_ValidFixture_PassesEnvelopeAndPayloadSchema(file: &quot;parse.completed.multi-fact.json&quot;)" computerName="ASUS-MONK" duration="00:00:00.0021430" startTime="2026-09-16T17:47:28.4547657+03:00" endTime="2026-09-16T17:47:28.4569019+03:00" testType="13cdc9d9-ddb5-4fa4-a97d-d965ccfc6d4b" outcome="Passed" testListId="8c84fa94-04c1-424b-9868-57a2d4851a1d" relativeResultsDirectory="430526ee-9640-49be-82de-e9599bb2c839" />
    <UnitTestResult executionId="97f00023-bffc-4995-92f4-fcc5b3786e62" testId="1954c365-3173-31da-ae64-67031e5fe35f" testName="Puluj.Messaging.Contracts.Tests.FixtureSchemaTests.T01_ValidFixture_PassesEnvelopeAndPayloadSchema(file: &quot;ingress.received.payload-ref.json&quot;)" computerName="ASUS-MONK" duration="00:00:00.0004843" startTime="2026-09-16T17:47:28.4750020+03:00" endTime="2026-09-16T17:47:28.4754664+03:00" testType="13cdc9d9-ddb5-4fa4-a97d-d965ccfc6d4b" outcome="Passed" testListId="8c84fa94-04c1-424b-9868-57a2d4851a1d" relativeResultsDirectory="97f00023-bffc-4995-92f4-fcc5b3786e62" />
    <UnitTestResult executionId="972c870d-c9c6-4abe-bcad-72cddd3f3cd2" testId="b0fb1056-3333-f9fc-eb60-36ac659e6043" testName="Puluj.Messaging.Contracts.Tests.FixtureSchemaTests.T12_RepublishSameEvent_EnvelopeIdentical" computerName="ASUS-MONK" duration="00:00:00.0014168" startTime="2026-09-16T17:47:28.4835057+03:00" endTime="2026-09-16T17:47:28.4840723+03:00" testType="13cdc9d9-ddb5-4fa4-a97d-d965ccfc6d4b" outcome="Passed" testListId="8c84fa94-04c1-424b-9868-57a2d4851a1d" relativeResultsDirectory="972c870d-c9c6-4abe-bcad-72cddd3f3cd2" />
    <UnitTestResult executionId="60aae2f1-ad27-418e-a7d7-3083c4a7242e" testId="7024d4e2-bda3-6d03-3ba1-347947325e4e" testName="Puluj.Messaging.Contracts.Tests.CompatibilityTests.T15_AnalyticsOutOfOrderSequence_ReferencesValidFixturesAndPartialUpsert" computerName="ASUS-MONK" duration="00:00:00.0040016" startTime="2026-09-16T17:47:28.4916571+03:00" endTime="2026-09-16T17:47:28.4955929+03:00" testType="13cdc9d9-ddb5-4fa4-a97d-d965ccfc6d4b" outcome="Passed" testListId="8c84fa94-04c1-424b-9868-57a2d4851a1d" relativeResultsDirectory="60aae2f1-ad27-418e-a7d7-3083c4a7242e" />
    <UnitTestResult executionId="9ad426e9-78ca-429e-9af0-8a1b2fb6c97a" testId="8bb447d9-bfd2-71ba-d31a-7185ff30c40e" testName="Puluj.Messaging.Contracts.Tests.CompatibilityTests.T10_MatrixCasesMatchTheMajorEqualRule" computerName="ASUS-MONK" duration="00:00:00.0013592" startTime="2026-09-16T17:47:28.4957068+03:00" endTime="2026-09-16T17:47:28.4970519+03:00" testType="13cdc9d9-ddb5-4fa4-a97d-d965ccfc6d4b" outcome="Passed" testListId="8c84fa94-04c1-424b-9868-57a2d4851a1d" relativeResultsDirectory="9ad426e9-78ca-429e-9af0-8a1b2fb6c97a" />
    <UnitTestResult executionId="8e552b63-8ef5-4269-9e80-0c9609435b9a" testId="f9294c63-f14f-ae4d-f580-52f42519e5dc" testName="Puluj.Messaging.Contracts.Tests.TopologyRegistryTests.T07_WorkflowGraphIsAcyclic_AuditConsumersEmitNothing" computerName="ASUS-MONK" duration="00:00:00.0018451" startTime="2026-09-16T17:47:28.3137893+03:00" endTime="2026-09-16T17:47:28.3138111+03:00" testType="13cdc9d9-ddb5-4fa4-a97d-d965ccfc6d4b" outcome="Passed" testListId="8c84fa94-04c1-424b-9868-57a2d4851a1d" relativeResultsDirectory="8e552b63-8ef5-4269-9e80-0c9609435b9a" />
    <UnitTestResult executionId="4382cfb8-03dd-4df2-bbdc-c0bf08a7ff4a" testId="4ebdf9e3-7d91-db29-c2ce-b261f6fa7155" testName="Puluj.Messaging.Contracts.Tests.FixtureSchemaTests.T01_ValidFixture_PassesEnvelopeAndPayloadSchema(file: &quot;message.normalized.structured.json&quot;)" computerName="ASUS-MONK" duration="00:00:00.0004683" startTime="2026-09-16T17:47:28.4822066+03:00" endTime="2026-09-16T17:47:28.4826135+03:00" testType="13cdc9d9-ddb5-4fa4-a97d-d965ccfc6d4b" outcome="Passed" testListId="8c84fa94-04c1-424b-9868-57a2d4851a1d" relativeResultsDirectory="4382cfb8-03dd-4df2-bbdc-c0bf08a7ff4a" />
    <UnitTestResult executionId="45ff7061-39ab-4acd-a840-c39e93b18b39" testId="ba71943b-e9a8-10c8-fecc-152b542e3afd" testName="Puluj.Messaging.Contracts.Tests.TopologyRegistryTests.T06_ArchiveIsRequiredForEveryReplaySourceEvent" computerName="ASUS-MONK" duration="00:00:00.0012560" startTime="2026-09-16T17:47:28.3582850+03:00" endTime="2026-09-16T17:47:28.3594790+03:00" testType="13cdc9d9-ddb5-4fa4-a97d-d965ccfc6d4b" outcome="Passed" testListId="8c84fa94-04c1-424b-9868-57a2d4851a1d" relativeResultsDirectory="45ff7061-39ab-4acd-a840-c39e93b18b39" />
    <UnitTestResult executionId="50db9c35-907b-4d07-a59e-443951129fcc" testId="cb953bc3-261d-a194-1018-f920b6eca21e" testName="Puluj.Messaging.Contracts.Tests.FixtureSchemaTests.T01_ValidFixture_PassesEnvelopeAndPayloadSchema(file: &quot;ingress.received.alerts-end.json&quot;)" computerName="ASUS-MONK" duration="00:00:00.0006999" startTime="2026-09-16T17:47:28.4795149+03:00" endTime="2026-09-16T17:47:28.4801546+03:00" testType="13cdc9d9-ddb5-4fa4-a97d-d965ccfc6d4b" outcome="Passed" testListId="8c84fa94-04c1-424b-9868-57a2d4851a1d" relativeResultsDirectory="50db9c35-907b-4d07-a59e-443951129fcc" />
    <UnitTestResult executionId="e0823adb-4800-4d55-b38d-4b15ea862bab" testId="550e1d3f-e808-c5c6-7e67-21567dfc384f" testName="Puluj.Messaging.Contracts.Tests.FixtureSchemaTests.T01_ValidFixture_PassesEnvelopeAndPayloadSchema(file: &quot;message.analysis.completed.replay-lane.json&quot;)" computerName="ASUS-MONK" duration="00:00:00.0010238" startTime="2026-09-16T17:47:28.4605597+03:00" endTime="2026-09-16T17:47:28.4615783+03:00" testType="13cdc9d9-ddb5-4fa4-a97d-d965ccfc6d4b" outcome="Passed" testListId="8c84fa94-04c1-424b-9868-57a2d4851a1d" relativeResultsDirectory="e0823adb-4800-4d55-b38d-4b15ea862bab" />
    <UnitTestResult executionId="198ab4c5-b56f-4767-be3f-bcd580bde1e8" testId="1cd56509-df96-9dd0-131e-06db6969879f" testName="Puluj.Messaging.Contracts.Tests.FixtureSchemaTests.T11_ConditionalRequiredFields_PerEventScope" computerName="ASUS-MONK" duration="00:00:00.0013532" startTime="2026-09-16T17:47:28.4841535+03:00" endTime="2026-09-16T17:47:28.4854448+03:00" testType="13cdc9d9-ddb5-4fa4-a97d-d965ccfc6d4b" outcome="Passed" testListId="8c84fa94-04c1-424b-9868-57a2d4851a1d" relativeResultsDirectory="198ab4c5-b56f-4767-be3f-bcd580bde1e8" />
    <UnitTestResult executionId="7bd420ed-2a0b-4bb9-aeb2-66eeab420bfd" testId="c3311480-c0a2-3dc5-3121-3e083501f9c5" testName="Puluj.Messaging.Contracts.Tests.FixtureSchemaTests.T01_ValidFixture_PassesEnvelopeAndPayloadSchema(file: &quot;raw.stored.json&quot;)" computerName="ASUS-MONK" duration="00:00:00.0007919" startTime="2026-09-16T17:47:28.4626630+03:00" endTime="2026-09-16T17:47:28.4634762+03:00" testType="13cdc9d9-ddb5-4fa4-a97d-d965ccfc6d4b" outcome="Passed" testListId="8c84fa94-04c1-424b-9868-57a2d4851a1d" relativeResultsDirectory="7bd420ed-2a0b-4bb9-aeb2-66eeab420bfd" />
    <UnitTestResult executionId="727d24ff-f6a5-4c2f-9805-7eaf5f77ecc6" testId="e50714e6-8dfb-e11a-0f2d-673a5d5e67b3" testName="Puluj.Messaging.Contracts.Tests.FixtureSchemaTests.T02_InvalidFixture_FailsWithExpectedPath(file: &quot;ingress-with-raw-id.json&quot;)" computerName="ASUS-MONK" duration="00:00:00.0008217" startTime="2026-09-16T17:47:28.4412595+03:00" endTime="2026-09-16T17:47:28.4421140+03:00" testType="13cdc9d9-ddb5-4fa4-a97d-d965ccfc6d4b" outcome="Passed" testListId="8c84fa94-04c1-424b-9868-57a2d4851a1d" relativeResultsDirectory="727d24ff-f6a5-4c2f-9805-7eaf5f77ecc6" />
    <UnitTestResult executionId="1a025a9a-00fd-4036-bdb7-e985797636a5" testId="35dd4348-879d-ab7a-6f96-8d7246d3a50e" testName="Puluj.Messaging.Contracts.Tests.TopologyRegistryTests.T09_CompletionManifestCoversEveryAnalysisOutcomeAndKnownBranches" computerName="ASUS-MONK" duration="00:00:00.0351563" startTime="2026-09-16T17:47:28.2558071+03:00" endTime="2026-09-16T17:47:28.2997150+03:00" testType="13cdc9d9-ddb5-4fa4-a97d-d965ccfc6d4b" outcome="Passed" testListId="8c84fa94-04c1-424b-9868-57a2d4851a1d" relativeResultsDirectory="1a025a9a-00fd-4036-bdb7-e985797636a5" />
    <UnitTestResult executionId="28b50b80-58e0-4858-b32a-5c00c74193fa" testId="098ea7ff-c246-9fd7-b17b-f3331211c6f1" testName="Puluj.Messaging.Contracts.Tests.FixtureSchemaTests.T02_InvalidFixture_FailsWithExpectedPath(file: &quot;changed-without-aggregate-revision.json&quot;)" computerName="ASUS-MONK" duration="00:00:00.0007307" startTime="2026-09-16T17:47:28.4493742+03:00" endTime="2026-09-16T17:47:28.4500229+03:00" testType="13cdc9d9-ddb5-4fa4-a97d-d965ccfc6d4b" outcome="Passed" testListId="8c84fa94-04c1-424b-9868-57a2d4851a1d" relativeResultsDirectory="28b50b80-58e0-4858-b32a-5c00c74193fa" />
    <UnitTestResult executionId="167b2135-49fe-4769-bd50-6b0300ffdb0e" testId="92f9b150-53d7-5c0d-03a9-6dd3d81bdf92" testName="Puluj.Messaging.Contracts.Tests.FixtureSchemaTests.T02_InvalidFixture_FailsWithExpectedPath(file: &quot;neither-payload-nor-ref.json&quot;)" computerName="ASUS-MONK" duration="00:00:00.0007467" startTime="2026-09-16T17:47:28.4405027+03:00" endTime="2026-09-16T17:47:28.4411810+03:00" testType="13cdc9d9-ddb5-4fa4-a97d-d965ccfc6d4b" outcome="Passed" testListId="8c84fa94-04c1-424b-9868-57a2d4851a1d" relativeResultsDirectory="167b2135-49fe-4769-bd50-6b0300ffdb0e" />
    <UnitTestResult executionId="8b7fc6b2-0f3c-41d4-8b43-d7eef4b0bfe2" testId="6dd2d4ff-13dc-7587-ab04-953b321743f6" testName="Puluj.Messaging.Contracts.Tests.CompatibilityTests.T10_AdditiveMinorChange_PassesCurrentSchema" computerName="ASUS-MONK" duration="00:00:00.0022558" startTime="2026-09-16T17:47:28.4971442+03:00" endTime="2026-09-16T17:47:28.4993365+03:00" testType="13cdc9d9-ddb5-4fa4-a97d-d965ccfc6d4b" outcome="Passed" testListId="8c84fa94-04c1-424b-9868-57a2d4851a1d" relativeResultsDirectory="8b7fc6b2-0f3c-41d4-8b43-d7eef4b0bfe2" />
    <UnitTestResult executionId="167b79cd-1704-4996-b33b-8fea0354e5dd" testId="f0105dc2-e77a-1a59-1827-f2ce661f8945" testName="Puluj.Messaging.Contracts.Tests.FixtureSchemaTests.T01_ValidFixture_PassesEnvelopeAndPayloadSchema(file: &quot;raw.stored.history-lane.json&quot;)" computerName="ASUS-MONK" duration="00:00:00.0010849" startTime="2026-09-16T17:47:28.4595647+03:00" endTime="2026-09-16T17:47:28.4595979+03:00" testType="13cdc9d9-ddb5-4fa4-a97d-d965ccfc6d4b" outcome="Passed" testListId="8c84fa94-04c1-424b-9868-57a2d4851a1d" relativeResultsDirectory="167b79cd-1704-4996-b33b-8fea0354e5dd" />
    <UnitTestResult executionId="f3c16c4d-766a-4dce-843b-1552e2d1c972" testId="f821e19f-2e0d-2f10-649e-8dea8e7d8a7f" testName="Puluj.Messaging.Contracts.Tests.FixtureSchemaTests.T01_ValidFixture_PassesEnvelopeAndPayloadSchema(file: &quot;observations.recorded.json&quot;)" computerName="ASUS-MONK" duration="00:00:00.0009972" startTime="2026-09-16T17:47:28.4661222+03:00" endTime="2026-09-16T17:47:28.4671015+03:00" testType="13cdc9d9-ddb5-4fa4-a97d-d965ccfc6d4b" outcome="Passed" testListId="8c84fa94-04c1-424b-9868-57a2d4851a1d" relativeResultsDirectory="f3c16c4d-766a-4dce-843b-1552e2d1c972" />
    <UnitTestResult executionId="12f9f5e8-ae6a-4b5c-a97f-a2a3a1c87b69" testId="34d977da-4a4a-3408-902c-4041e4a1812d" testName="Puluj.Messaging.Contracts.Tests.FixtureSchemaTests.T01_ValidFixture_PassesEnvelopeAndPayloadSchema(file: &quot;parse.completed.json&quot;)" computerName="ASUS-MONK" duration="00:00:00.0007636" startTime="2026-09-16T17:47:28.4685615+03:00" endTime="2026-09-16T17:47:28.4685873+03:00" testType="13cdc9d9-ddb5-4fa4-a97d-d965ccfc6d4b" outcome="Passed" testListId="8c84fa94-04c1-424b-9868-57a2d4851a1d" relativeResultsDirectory="12f9f5e8-ae6a-4b5c-a97f-a2a3a1c87b69" />
    <UnitTestResult executionId="060761bd-db92-4928-adc5-2033dba82881" testId="5aebdd6a-8ed2-99b5-0ce8-fbc1047d4097" testName="Puluj.Messaging.Contracts.Tests.FixtureSchemaTests.T02_InvalidFixture_FailsWithExpectedPath(file: &quot;unknown-analysis-outcome.json&quot;)" computerName="ASUS-MONK" duration="00:00:00.0038659" startTime="2026-09-16T17:47:28.4283238+03:00" endTime="2026-09-16T17:47:28.4321231+03:00" testType="13cdc9d9-ddb5-4fa4-a97d-d965ccfc6d4b" outcome="Passed" testListId="8c84fa94-04c1-424b-9868-57a2d4851a1d" relativeResultsDirectory="060761bd-db92-4928-adc5-2033dba82881" />
    <UnitTestResult executionId="42be5e21-d7ba-4f08-b144-ccdce3e4c83a" testId="2e366d83-afe7-f686-9d3e-ee3bc5cdb1e4" testName="Puluj.Messaging.Contracts.Tests.TopologyRegistryTests.T04_AllBindingsAndEmitsReferenceKnownEvents_EveryEventHasProducerAndSchema" computerName="ASUS-MONK" duration="00:00:00.0065355" startTime="2026-09-16T17:47:28.3130540+03:00" endTime="2026-09-16T17:47:28.3131255+03:00" testType="13cdc9d9-ddb5-4fa4-a97d-d965ccfc6d4b" outcome="Passed" testListId="8c84fa94-04c1-424b-9868-57a2d4851a1d" relativeResultsDirectory="42be5e21-d7ba-4f08-b144-ccdce3e4c83a" />
    <UnitTestResult executionId="54688250-86ce-4b92-a3f4-e59dd4a7087a" testId="e0f63627-856f-b8cc-f960-3f0ba615dcc4" testName="Puluj.Messaging.Contracts.Tests.FixtureSchemaTests.T01_ValidFixture_PassesEnvelopeAndPayloadSchema(file: &quot;parse.completed.unsupported.json&quot;)" computerName="ASUS-MONK" duration="00:00:00.0015002" startTime="2026-09-16T17:47:28.4570159+03:00" endTime="2026-09-16T17:47:28.4584677+03:00" testType="13cdc9d9-ddb5-4fa4-a97d-d965ccfc6d4b" outcome="Passed" testListId="8c84fa94-04c1-424b-9868-57a2d4851a1d" relativeResultsDirectory="54688250-86ce-4b92-a3f4-e59dd4a7087a" />
    <UnitTestResult executionId="eaffa976-85db-4eb8-97e6-dd2a0e14a5e9" testId="96fd72cc-8bf2-8c32-c2a3-a30a736f7f28" testName="Puluj.Messaging.Contracts.Tests.FixtureSchemaTests.T01_ValidFixture_PassesEnvelopeAndPayloadSchema(file: &quot;raw.stored.additive-1.1.json&quot;)" computerName="ASUS-MONK" duration="00:00:00.0006158" startTime="2026-09-16T17:47:28.4635215+03:00" endTime="2026-09-16T17:47:28.4641274+03:00" testType="13cdc9d9-ddb5-4fa4-a97d-d965ccfc6d4b" outcome="Passed" testListId="8c84fa94-04c1-424b-9868-57a2d4851a1d" relativeResultsDirectory="eaffa976-85db-4eb8-97e6-dd2a0e14a5e9" />
    <UnitTestResult executionId="901b8279-6131-4552-b988-db19056cb2b0" testId="f7df300e-fbdf-4af0-2c1e-ab94a70a7a88" testName="Puluj.Messaging.Contracts.Tests.TopologyRegistryTests.T05_CommandsHaveExactlyOneOwner_EventsHaveRequiredSubscribers" computerName="ASUS-MONK" duration="00:00:00.0007775" startTime="2026-09-16T17:47:28.3138602+03:00" endTime="2026-09-16T17:47:28.3138848+03:00" testType="13cdc9d9-ddb5-4fa4-a97d-d965ccfc6d4b" outcome="Passed" testListId="8c84fa94-04c1-424b-9868-57a2d4851a1d" relativeResultsDirectory="901b8279-6131-4552-b988-db19056cb2b0" />
    <UnitTestResult executionId="ea2564b6-8795-4b5e-896c-15c886b51e3a" testId="cb340002-2475-1142-2e7c-51c922417451" testName="Puluj.Messaging.Contracts.Tests.FixtureSchemaTests.T02_InvalidFixture_FailsWithExpectedPath(file: &quot;observations-empty.json&quot;)" computerName="ASUS-MONK" duration="00:00:00.0091170" startTime="2026-09-16T17:47:28.4271666+03:00" endTime="2026-09-16T17:47:28.4273630+03:00" testType="13cdc9d9-ddb5-4fa4-a97d-d965ccfc6d4b" outcome="Passed" testListId="8c84fa94-04c1-424b-9868-57a2d4851a1d" relativeResultsDirectory="ea2564b6-8795-4b5e-896c-15c886b51e3a" />
    <UnitTestResult executionId="39499981-fb8c-4e58-be06-d89abadf86b5" testId="85a2bd23-c444-b596-f5d6-f3a5ea6af578" testName="Puluj.Messaging.Contracts.Tests.FixtureSchemaTests.T01_EveryEventTypeHasAValidFixture" computerName="ASUS-MONK" duration="00:00:00.0034698" startTime="2026-09-16T17:47:28.4855216+03:00" endTime="2026-09-16T17:47:28.4890484+03:00" testType="13cdc9d9-ddb5-4fa4-a97d-d965ccfc6d4b" outcome="Passed" testListId="8c84fa94-04c1-424b-9868-57a2d4851a1d" relativeResultsDirectory="39499981-fb8c-4e58-be06-d89abadf86b5" />
    <UnitTestResult executionId="720d6ab7-0b64-45c3-80c6-a704e8878be1" testId="94a2ddb4-e9ee-3799-92bc-d73ee6e31e02" testName="Puluj.Messaging.Contracts.Tests.FixtureSchemaTests.T01_ValidFixture_PassesEnvelopeAndPayloadSchema(file: &quot;llm.completed.json&quot;)" computerName="ASUS-MONK" duration="00:00:00.0008802" startTime="2026-09-16T17:47:28.4712896+03:00" endTime="2026-09-16T17:47:28.4720954+03:00" testType="13cdc9d9-ddb5-4fa4-a97d-d965ccfc6d4b" outcome="Passed" testListId="8c84fa94-04c1-424b-9868-57a2d4851a1d" relativeResultsDirectory="720d6ab7-0b64-45c3-80c6-a704e8878be1" />
    <UnitTestResult executionId="1f5a1889-54e9-4454-93c6-c0b45026e8af" testId="a5409bee-7331-2d95-a66d-28863ae5df9e" testName="Puluj.Messaging.Contracts.Tests.FixtureSchemaTests.T02_InvalidFixture_FailsWithExpectedPath(file: &quot;llm-requested-without-request-id.json&quot;)" computerName="ASUS-MONK" duration="00:00:00.0010219" startTime="2026-09-16T17:47:28.4474860+03:00" endTime="2026-09-16T17:47:28.4483583+03:00" testType="13cdc9d9-ddb5-4fa4-a97d-d965ccfc6d4b" outcome="Passed" testListId="8c84fa94-04c1-424b-9868-57a2d4851a1d" relativeResultsDirectory="1f5a1889-54e9-4454-93c6-c0b45026e8af" />
    <UnitTestResult executionId="45e8dca3-d0f1-4f33-b9cb-379472bc0495" testId="016da4fc-7049-4379-8950-7f105a8e39dd" testName="Puluj.Messaging.Contracts.Tests.FixtureSchemaTests.T02_InvalidFixture_FailsWithExpectedPath(file: &quot;raw-stored-without-raw-id.json&quot;)" computerName="ASUS-MONK" duration="00:00:00.0574635" startTime="2026-09-16T17:47:28.3611902+03:00" endTime="2026-09-16T17:47:28.4182096+03:00" testType="13cdc9d9-ddb5-4fa4-a97d-d965ccfc6d4b" outcome="Passed" testListId="8c84fa94-04c1-424b-9868-57a2d4851a1d" relativeResultsDirectory="45e8dca3-d0f1-4f33-b9cb-379472bc0495" />
    <UnitTestResult executionId="c08b027c-1cfd-45e2-952a-9437e9bdfb7a" testId="ba74a32f-9801-42e1-c9e2-f3773ccc3d6f" testName="Puluj.Messaging.Contracts.Tests.TopologyRegistryTests.T08_RequiredSubscriptionsHaveNoTtlNoDropOldestAndDlq" computerName="ASUS-MONK" duration="00:00:00.0017336" startTime="2026-09-16T17:47:28.3136862+03:00" endTime="2026-09-16T17:47:28.3137183+03:00" testType="13cdc9d9-ddb5-4fa4-a97d-d965ccfc6d4b" outcome="Passed" testListId="8c84fa94-04c1-424b-9868-57a2d4851a1d" relativeResultsDirectory="c08b027c-1cfd-45e2-952a-9437e9bdfb7a" />
    <UnitTestResult executionId="8953fa45-802c-467d-9ee9-90c31ce13d78" testId="a83ca94c-4d7d-b083-af48-beb1f3c442ae" testName="Puluj.Messaging.Contracts.Tests.FixtureSchemaTests.T02_InvalidFixture_FailsWithExpectedPath(file: &quot;evidence-bad-ruleset-version.json&quot;)" computerName="ASUS-MONK" duration="00:00:00.0074856" startTime="2026-09-16T17:47:28.4322140+03:00" endTime="2026-09-16T17:47:28.4397000+03:00" testType="13cdc9d9-ddb5-4fa4-a97d-d965ccfc6d4b" outcome="Passed" testListId="8c84fa94-04c1-424b-9868-57a2d4851a1d" relativeResultsDirectory="8953fa45-802c-467d-9ee9-90c31ce13d78" />
    <UnitTestResult executionId="4f6ce157-756e-4225-b939-1e9b3b05b57d" testId="b635a1f1-8b0f-e7e7-142f-913b0ea94797" testName="Puluj.Messaging.Contracts.Tests.FixtureSchemaTests.T01_ValidFixture_PassesEnvelopeAndPayloadSchema(file: &quot;message.normalized.json&quot;)" computerName="ASUS-MONK" duration="00:00:00.0018956" startTime="2026-09-16T17:47:28.4692428+03:00" endTime="2026-09-16T17:47:28.4712024+03:00" testType="13cdc9d9-ddb5-4fa4-a97d-d965ccfc6d4b" outcome="Passed" testListId="8c84fa94-04c1-424b-9868-57a2d4851a1d" relativeResultsDirectory="4f6ce157-756e-4225-b939-1e9b3b05b57d" />
    <UnitTestResult executionId="548f062b-a358-41af-bc02-3a41efbfcd64" testId="f5f5d5d6-55cc-eff5-fb6b-f146b597ea06" testName="Puluj.Messaging.Contracts.Tests.FixtureSchemaTests.T02_InvalidFixture_FailsWithExpectedPath(file: &quot;bad-schema-version.json&quot;)" computerName="ASUS-MONK" duration="00:00:00.0006687" startTime="2026-09-16T17:47:28.4500849+03:00" endTime="2026-09-16T17:47:28.4507382+03:00" testType="13cdc9d9-ddb5-4fa4-a97d-d965ccfc6d4b" outcome="Passed" testListId="8c84fa94-04c1-424b-9868-57a2d4851a1d" relativeResultsDirectory="548f062b-a358-41af-bc02-3a41efbfcd64" />
    <UnitTestResult executionId="21449810-df40-4e65-b6ef-aecb08f6da39" testId="b89b0c5c-834a-3166-9006-3a59cc51e2c8" testName="Puluj.Messaging.Contracts.Tests.FixtureSchemaTests.T13_IdentityCases_MatchFixturesAndRules" computerName="ASUS-MONK" duration="00:00:00.0037798" startTime="2026-09-16T17:47:28.4508291+03:00" endTime="2026-09-16T17:47:28.4546162+03:00" testType="13cdc9d9-ddb5-4fa4-a97d-d965ccfc6d4b" outcome="Passed" testListId="8c84fa94-04c1-424b-9868-57a2d4851a1d" relativeResultsDirectory="21449810-df40-4e65-b6ef-aecb08f6da39" />
  </Results>
  <TestDefinitions>
    <UnitTest name="Puluj.Messaging.Contracts.Tests.FixtureSchemaTests.T11_ConditionalRequiredFields_PerEventScope" storage="c:\repos\puluj-g\tests\puluj.messaging.contracts.tests\bin\debug\net10.0\puluj.messaging.contracts.tests.dll" id="1cd56509-df96-9dd0-131e-06db6969879f">
      <Execution id="198ab4c5-b56f-4767-be3f-bcd580bde1e8" />
      <TestMethod codeBase="C:\repos\Puluj-g\tests\Puluj.Messaging.Contracts.Tests\bin\Debug\net10.0\Puluj.Messaging.Contracts.Tests.dll" adapterTypeName="executor://xunit/VsTestRunner3/netcore/" className="Puluj.Messaging.Contracts.Tests.FixtureSchemaTests" name="T11_ConditionalRequiredFields_PerEventScope" />
    </UnitTest>
    <UnitTest name="Puluj.Messaging.Contracts.Tests.FixtureSchemaTests.T02_InvalidFixture_FailsWithExpectedPath(file: &quot;unknown-analysis-outcome.json&quot;)" storage="c:\repos\puluj-g\tests\puluj.messaging.contracts.tests\bin\debug\net10.0\puluj.messaging.contracts.tests.dll" id="5aebdd6a-8ed2-99b5-0ce8-fbc1047d4097">
      <Execution id="060761bd-db92-4928-adc5-2033dba82881" />
      <TestMethod codeBase="C:\repos\Puluj-g\tests\Puluj.Messaging.Contracts.Tests\bin\Debug\net10.0\Puluj.Messaging.Contracts.Tests.dll" adapterTypeName="executor://xunit/VsTestRunner3/netcore/" className="Puluj.Messaging.Contracts.Tests.FixtureSchemaTests" name="T02_InvalidFixture_FailsWithExpectedPath" />
    </UnitTest>
    <UnitTest name="Puluj.Messaging.Contracts.Tests.FixtureSchemaTests.T02_InvalidFixture_FailsWithExpectedPath(file: &quot;ingress-with-raw-id.json&quot;)" storage="c:\repos\puluj-g\tests\puluj.messaging.contracts.tests\bin\debug\net10.0\puluj.messaging.contracts.tests.dll" id="e50714e6-8dfb-e11a-0f2d-673a5d5e67b3">
      <Execution id="727d24ff-f6a5-4c2f-9805-7eaf5f77ecc6" />
      <TestMethod codeBase="C:\repos\Puluj-g\tests\Puluj.Messaging.Contracts.Tests\bin\Debug\net10.0\Puluj.Messaging.Contracts.Tests.dll" adapterTypeName="executor://xunit/VsTestRunner3/netcore/" className="Puluj.Messaging.Contracts.Tests.FixtureSchemaTests" name="T02_InvalidFixture_FailsWithExpectedPath" />
    </UnitTest>
    <UnitTest name="Puluj.Messaging.Contracts.Tests.FixtureSchemaTests.T01_ValidFixture_PassesEnvelopeAndPayloadSchema(file: &quot;message.analysis.completed.json&quot;)" storage="c:\repos\puluj-g\tests\puluj.messaging.contracts.tests\bin\debug\net10.0\puluj.messaging.contracts.tests.dll" id="0608f9c7-fc27-e992-f49d-36631f233b62">
      <Execution id="2703050d-cf2c-4200-827b-988218fffd6f" />
      <TestMethod codeBase="C:\repos\Puluj-g\tests\Puluj.Messaging.Contracts.Tests\bin\Debug\net10.0\Puluj.Messaging.Contracts.Tests.dll" adapterTypeName="executor://xunit/VsTestRunner3/netcore/" className="Puluj.Messaging.Contracts.Tests.FixtureSchemaTests" name="T01_ValidFixture_PassesEnvelopeAndPayloadSchema" />
    </UnitTest>
    <UnitTest name="Puluj.Messaging.Contracts.Tests.FixtureSchemaTests.T01_ValidFixture_PassesEnvelopeAndPayloadSchema(file: &quot;observations.recorded.alerts-start.json&quot;)" storage="c:\repos\puluj-g\tests\puluj.messaging.contracts.tests\bin\debug\net10.0\puluj.messaging.contracts.tests.dll" id="4364c4b9-e975-eae9-a461-6a3c80d4d210">
      <Execution id="066883cd-4834-47c5-ba55-063f594009d7" />
      <TestMethod codeBase="C:\repos\Puluj-g\tests\Puluj.Messaging.Contracts.Tests\bin\Debug\net10.0\Puluj.Messaging.Contracts.Tests.dll" adapterTypeName="executor://xunit/VsTestRunner3/netcore/" className="Puluj.Messaging.Contracts.Tests.FixtureSchemaTests" name="T01_ValidFixture_PassesEnvelopeAndPayloadSchema" />
    </UnitTest>
    <UnitTest name="Puluj.Messaging.Contracts.Tests.FixtureSchemaTests.T12_RepublishSameEvent_EnvelopeIdentical" storage="c:\repos\puluj-g\tests\puluj.messaging.contracts.tests\bin\debug\net10.0\puluj.messaging.contracts.tests.dll" id="b0fb1056-3333-f9fc-eb60-36ac659e6043">
      <Execution id="972c870d-c9c6-4abe-bcad-72cddd3f3cd2" />
      <TestMethod codeBase="C:\repos\Puluj-g\tests\Puluj.Messaging.Contracts.Tests\bin\Debug\net10.0\Puluj.Messaging.Contracts.Tests.dll" adapterTypeName="executor://xunit/VsTestRunner3/netcore/" className="Puluj.Messaging.Contracts.Tests.FixtureSchemaTests" name="T12_RepublishSameEvent_EnvelopeIdentical" />
    </UnitTest>
    <UnitTest name="Puluj.Messaging.Contracts.Tests.TopologyRegistryTests.T07_WorkflowGraphIsAcyclic_AuditConsumersEmitNothing" storage="c:\repos\puluj-g\tests\puluj.messaging.contracts.tests\bin\debug\net10.0\puluj.messaging.contracts.tests.dll" id="f9294c63-f14f-ae4d-f580-52f42519e5dc">
      <Execution id="8e552b63-8ef5-4269-9e80-0c9609435b9a" />
      <TestMethod codeBase="C:\repos\Puluj-g\tests\Puluj.Messaging.Contracts.Tests\bin\Debug\net10.0\Puluj.Messaging.Contracts.Tests.dll" adapterTypeName="executor://xunit/VsTestRunner3/netcore/" className="Puluj.Messaging.Contracts.Tests.TopologyRegistryTests" name="T07_WorkflowGraphIsAcyclic_AuditConsumersEmitNothing" />
    </UnitTest>
    <UnitTest name="Puluj.Messaging.Contracts.Tests.FixtureSchemaTests.T01_ValidFixture_PassesEnvelopeAndPayloadSchema(file: &quot;raw.stored.history-lane.json&quot;)" storage="c:\repos\puluj-g\tests\puluj.messaging.contracts.tests\bin\debug\net10.0\puluj.messaging.contracts.tests.dll" id="f0105dc2-e77a-1a59-1827-f2ce661f8945">
      <Execution id="167b79cd-1704-4996-b33b-8fea0354e5dd" />
      <TestMethod codeBase="C:\repos\Puluj-g\tests\Puluj.Messaging.Contracts.Tests\bin\Debug\net10.0\Puluj.Messaging.Contracts.Tests.dll" adapterTypeName="executor://xunit/VsTestRunner3/netcore/" className="Puluj.Messaging.Contracts.Tests.FixtureSchemaTests" name="T01_ValidFixture_PassesEnvelopeAndPayloadSchema" />
    </UnitTest>
    <UnitTest name="Puluj.Messaging.Contracts.Tests.FixtureSchemaTests.T01_ValidFixture_PassesEnvelopeAndPayloadSchema(file: &quot;observations.recorded.json&quot;)" storage="c:\repos\puluj-g\tests\puluj.messaging.contracts.tests\bin\debug\net10.0\puluj.messaging.contracts.tests.dll" id="f821e19f-2e0d-2f10-649e-8dea8e7d8a7f">
      <Execution id="f3c16c4d-766a-4dce-843b-1552e2d1c972" />
      <TestMethod codeBase="C:\repos\Puluj-g\tests\Puluj.Messaging.Contracts.Tests\bin\Debug\net10.0\Puluj.Messaging.Contracts.Tests.dll" adapterTypeName="executor://xunit/VsTestRunner3/netcore/" className="Puluj.Messaging.Contracts.Tests.FixtureSchemaTests" name="T01_ValidFixture_PassesEnvelopeAndPayloadSchema" />
    </UnitTest>
    <UnitTest name="Puluj.Messaging.Contracts.Tests.FixtureSchemaTests.T01_ValidFixture_PassesEnvelopeAndPayloadSchema(file: &quot;parse.completed.json&quot;)" storage="c:\repos\puluj-g\tests\puluj.messaging.contracts.tests\bin\debug\net10.0\puluj.messaging.contracts.tests.dll" id="34d977da-4a4a-3408-902c-4041e4a1812d">
      <Execution id="12f9f5e8-ae6a-4b5c-a97f-a2a3a1c87b69" />
      <TestMethod codeBase="C:\repos\Puluj-g\tests\Puluj.Messaging.Contracts.Tests\bin\Debug\net10.0\Puluj.Messaging.Contracts.Tests.dll" adapterTypeName="executor://xunit/VsTestRunner3/netcore/" className="Puluj.Messaging.Contracts.Tests.FixtureSchemaTests" name="T01_ValidFixture_PassesEnvelopeAndPayloadSchema" />
    </UnitTest>
    <UnitTest name="Puluj.Messaging.Contracts.Tests.CompatibilityTests.T15_AnalyticsOutOfOrderSequence_ReferencesValidFixturesAndPartialUpsert" storage="c:\repos\puluj-g\tests\puluj.messaging.contracts.tests\bin\debug\net10.0\puluj.messaging.contracts.tests.dll" id="7024d4e2-bda3-6d03-3ba1-347947325e4e">
      <Execution id="60aae2f1-ad27-418e-a7d7-3083c4a7242e" />
      <TestMethod codeBase="C:\repos\Puluj-g\tests\Puluj.Messaging.Contracts.Tests\bin\Debug\net10.0\Puluj.Messaging.Contracts.Tests.dll" adapterTypeName="executor://xunit/VsTestRunner3/netcore/" className="Puluj.Messaging.Contracts.Tests.CompatibilityTests" name="T15_AnalyticsOutOfOrderSequence_ReferencesValidFixturesAndPartialUpsert" />
    </UnitTest>
    <UnitTest name="Puluj.Messaging.Contracts.Tests.FixtureSchemaTests.T01_ValidFixture_PassesEnvelopeAndPayloadSchema(file: &quot;message.normalized.structured.json&quot;)" storage="c:\repos\puluj-g\tests\puluj.messaging.contracts.tests\bin\debug\net10.0\puluj.messaging.contracts.tests.dll" id="4ebdf9e3-7d91-db29-c2ce-b261f6fa7155">
      <Execution id="4382cfb8-03dd-4df2-bbdc-c0bf08a7ff4a" />
      <TestMethod codeBase="C:\repos\Puluj-g\tests\Puluj.Messaging.Contracts.Tests\bin\Debug\net10.0\Puluj.Messaging.Contracts.Tests.dll" adapterTypeName="executor://xunit/VsTestRunner3/netcore/" className="Puluj.Messaging.Contracts.Tests.FixtureSchemaTests" name="T01_ValidFixture_PassesEnvelopeAndPayloadSchema" />
    </UnitTest>
    <UnitTest name="Puluj.Messaging.Contracts.Tests.FixtureSchemaTests.T01_ValidFixture_PassesEnvelopeAndPayloadSchema(file: &quot;llm.completed.json&quot;)" storage="c:\repos\puluj-g\tests\puluj.messaging.contracts.tests\bin\debug\net10.0\puluj.messaging.contracts.tests.dll" id="94a2ddb4-e9ee-3799-92bc-d73ee6e31e02">
      <Execution id="720d6ab7-0b64-45c3-80c6-a704e8878be1" />
      <TestMethod codeBase="C:\repos\Puluj-g\tests\Puluj.Messaging.Contracts.Tests\bin\Debug\net10.0\Puluj.Messaging.Contracts.Tests.dll" adapterTypeName="executor://xunit/VsTestRunner3/netcore/" className="Puluj.Messaging.Contracts.Tests.FixtureSchemaTests" name="T01_ValidFixture_PassesEnvelopeAndPayloadSchema" />
    </UnitTest>
    <UnitTest name="Puluj.Messaging.Contracts.Tests.FixtureSchemaTests.T01_ValidFixture_PassesEnvelopeAndPayloadSchema(file: &quot;raw.stored.additive-1.1.json&quot;)" storage="c:\repos\puluj-g\tests\puluj.messaging.contracts.tests\bin\debug\net10.0\puluj.messaging.contracts.tests.dll" id="96fd72cc-8bf2-8c32-c2a3-a30a736f7f28">
      <Execution id="eaffa976-85db-4eb8-97e6-dd2a0e14a5e9" />
      <TestMethod codeBase="C:\repos\Puluj-g\tests\Puluj.Messaging.Contracts.Tests\bin\Debug\net10.0\Puluj.Messaging.Contracts.Tests.dll" adapterTypeName="executor://xunit/VsTestRunner3/netcore/" className="Puluj.Messaging.Contracts.Tests.FixtureSchemaTests" name="T01_ValidFixture_PassesEnvelopeAndPayloadSchema" />
    </UnitTest>
    <UnitTest name="Puluj.Messaging.Contracts.Tests.FixtureSchemaTests.T02_InvalidFixture_FailsWithExpectedPath(file: &quot;non-root-null-causation.json&quot;)" storage="c:\repos\puluj-g\tests\puluj.messaging.contracts.tests\bin\debug\net10.0\puluj.messaging.contracts.tests.dll" id="7aa76f44-ed8d-4ff8-422a-72ce76490c2a">
      <Execution id="d6f7dc51-4c2e-46c5-bd8a-277f2961b4be" />
      <TestMethod codeBase="C:\repos\Puluj-g\tests\Puluj.Messaging.Contracts.Tests\bin\Debug\net10.0\Puluj.Messaging.Contracts.Tests.dll" adapterTypeName="executor://xunit/VsTestRunner3/netcore/" className="Puluj.Messaging.Contracts.Tests.FixtureSchemaTests" name="T02_InvalidFixture_FailsWithExpectedPath" />
    </UnitTest>
    <UnitTest name="Puluj.Messaging.Contracts.Tests.TopologyRegistryTests.T09_CompletionManifestCoversEveryAnalysisOutcomeAndKnownBranches" storage="c:\repos\puluj-g\tests\puluj.messaging.contracts.tests\bin\debug\net10.0\puluj.messaging.contracts.tests.dll" id="35dd4348-879d-ab7a-6f96-8d7246d3a50e">
      <Execution id="1a025a9a-00fd-4036-bdb7-e985797636a5" />
      <TestMethod codeBase="C:\repos\Puluj-g\tests\Puluj.Messaging.Contracts.Tests\bin\Debug\net10.0\Puluj.Messaging.Contracts.Tests.dll" adapterTypeName="executor://xunit/VsTestRunner3/netcore/" className="Puluj.Messaging.Contracts.Tests.TopologyRegistryTests" name="T09_CompletionManifestCoversEveryAnalysisOutcomeAndKnownBranches" />
    </UnitTest>
    <UnitTest name="Puluj.Messaging.Contracts.Tests.FixtureSchemaTests.T01_ValidFixture_PassesEnvelopeAndPayloadSchema(file: &quot;message.normalized.json&quot;)" storage="c:\repos\puluj-g\tests\puluj.messaging.contracts.tests\bin\debug\net10.0\puluj.messaging.contracts.tests.dll" id="b635a1f1-8b0f-e7e7-142f-913b0ea94797">
      <Execution id="4f6ce157-756e-4225-b939-1e9b3b05b57d" />
      <TestMethod codeBase="C:\repos\Puluj-g\tests\Puluj.Messaging.Contracts.Tests\bin\Debug\net10.0\Puluj.Messaging.Contracts.Tests.dll" adapterTypeName="executor://xunit/VsTestRunner3/netcore/" className="Puluj.Messaging.Contracts.Tests.FixtureSchemaTests" name="T01_ValidFixture_PassesEnvelopeAndPayloadSchema" />
    </UnitTest>
    <UnitTest name="Puluj.Messaging.Contracts.Tests.FixtureSchemaTests.T02_InvalidFixture_FailsWithExpectedPath(file: &quot;payload-and-payload-ref.json&quot;)" storage="c:\repos\puluj-g\tests\puluj.messaging.contracts.tests\bin\debug\net10.0\puluj.messaging.contracts.tests.dll" id="adfc638c-6067-b2cd-8a12-f9b86b1554a9">
      <Execution id="f57fdc99-e366-4a00-bc2c-3eb2c4b3686f" />
      <TestMethod codeBase="C:\repos\Puluj-g\tests\Puluj.Messaging.Contracts.Tests\bin\Debug\net10.0\Puluj.Messaging.Contracts.Tests.dll" adapterTypeName="executor://xunit/VsTestRunner3/netcore/" className="Puluj.Messaging.Contracts.Tests.FixtureSchemaTests" name="T02_InvalidFixture_FailsWithExpectedPath" />
    </UnitTest>
    <UnitTest name="Puluj.Messaging.Contracts.Tests.TopologyRegistryTests.T05_CommandsHaveExactlyOneOwner_EventsHaveRequiredSubscribers" storage="c:\repos\puluj-g\tests\puluj.messaging.contracts.tests\bin\debug\net10.0\puluj.messaging.contracts.tests.dll" id="f7df300e-fbdf-4af0-2c1e-ab94a70a7a88">
      <Execution id="901b8279-6131-4552-b988-db19056cb2b0" />
      <TestMethod codeBase="C:\repos\Puluj-g\tests\Puluj.Messaging.Contracts.Tests\bin\Debug\net10.0\Puluj.Messaging.Contracts.Tests.dll" adapterTypeName="executor://xunit/VsTestRunner3/netcore/" className="Puluj.Messaging.Contracts.Tests.TopologyRegistryTests" name="T05_CommandsHaveExactlyOneOwner_EventsHaveRequiredSubscribers" />
    </UnitTest>
    <UnitTest name="Puluj.Messaging.Contracts.Tests.FixtureSchemaTests.T02_InvalidFixture_FailsWithExpectedPath(file: &quot;bad-lane.json&quot;)" storage="c:\repos\puluj-g\tests\puluj.messaging.contracts.tests\bin\debug\net10.0\puluj.messaging.contracts.tests.dll" id="2119839d-0e3b-6f0d-fb91-e5a407722d1b">
      <Execution id="314f4e6f-bd31-48a5-9642-e79bf82b96fa" />
      <TestMethod codeBase="C:\repos\Puluj-g\tests\Puluj.Messaging.Contracts.Tests\bin\Debug\net10.0\Puluj.Messaging.Contracts.Tests.dll" adapterTypeName="executor://xunit/VsTestRunner3/netcore/" className="Puluj.Messaging.Contracts.Tests.FixtureSchemaTests" name="T02_InvalidFixture_FailsWithExpectedPath" />
    </UnitTest>
    <UnitTest name="Puluj.Messaging.Contracts.Tests.FixtureSchemaTests.T01_ValidFixture_PassesEnvelopeAndPayloadSchema(file: &quot;message.analysis.completed.replay-lane.json&quot;)" storage="c:\repos\puluj-g\tests\puluj.messaging.contracts.tests\bin\debug\net10.0\puluj.messaging.contracts.tests.dll" id="550e1d3f-e808-c5c6-7e67-21567dfc384f">
      <Execution id="e0823adb-4800-4d55-b38d-4b15ea862bab" />
      <TestMethod codeBase="C:\repos\Puluj-g\tests\Puluj.Messaging.Contracts.Tests\bin\Debug\net10.0\Puluj.Messaging.Contracts.Tests.dll" adapterTypeName="executor://xunit/VsTestRunner3/netcore/" className="Puluj.Messaging.Contracts.Tests.FixtureSchemaTests" name="T01_ValidFixture_PassesEnvelopeAndPayloadSchema" />
    </UnitTest>
    <UnitTest name="Puluj.Messaging.Contracts.Tests.FixtureSchemaTests.T01_ValidFixture_PassesEnvelopeAndPayloadSchema(file: &quot;parse.completed.unsupported.json&quot;)" storage="c:\repos\puluj-g\tests\puluj.messaging.contracts.tests\bin\debug\net10.0\puluj.messaging.contracts.tests.dll" id="e0f63627-856f-b8cc-f960-3f0ba615dcc4">
      <Execution id="54688250-86ce-4b92-a3f4-e59dd4a7087a" />
      <TestMethod codeBase="C:\repos\Puluj-g\tests\Puluj.Messaging.Contracts.Tests\bin\Debug\net10.0\Puluj.Messaging.Contracts.Tests.dll" adapterTypeName="executor://xunit/VsTestRunner3/netcore/" className="Puluj.Messaging.Contracts.Tests.FixtureSchemaTests" name="T01_ValidFixture_PassesEnvelopeAndPayloadSchema" />
    </UnitTest>
    <UnitTest name="Puluj.Messaging.Contracts.Tests.FixtureSchemaTests.T01_ValidFixture_PassesEnvelopeAndPayloadSchema(file: &quot;llm.requested.json&quot;)" storage="c:\repos\puluj-g\tests\puluj.messaging.contracts.tests\bin\debug\net10.0\puluj.messaging.contracts.tests.dll" id="31e89d84-d2ca-e9d6-d869-edecbd639e73">
      <Execution id="5f1d3060-5464-4fa6-8cd1-c21e1b033799" />
      <TestMethod codeBase="C:\repos\Puluj-g\tests\Puluj.Messaging.Contracts.Tests\bin\Debug\net10.0\Puluj.Messaging.Contracts.Tests.dll" adapterTypeName="executor://xunit/VsTestRunner3/netcore/" className="Puluj.Messaging.Contracts.Tests.FixtureSchemaTests" name="T01_ValidFixture_PassesEnvelopeAndPayloadSchema" />
    </UnitTest>
    <UnitTest name="Puluj.Messaging.Contracts.Tests.FixtureSchemaTests.T02_InvalidFixture_FailsWithExpectedPath(file: &quot;evidence-bad-ruleset-version.json&quot;)" storage="c:\repos\puluj-g\tests\puluj.messaging.contracts.tests\bin\debug\net10.0\puluj.messaging.contracts.tests.dll" id="a83ca94c-4d7d-b083-af48-beb1f3c442ae">
      <Execution id="8953fa45-802c-467d-9ee9-90c31ce13d78" />
      <TestMethod codeBase="C:\repos\Puluj-g\tests\Puluj.Messaging.Contracts.Tests\bin\Debug\net10.0\Puluj.Messaging.Contracts.Tests.dll" adapterTypeName="executor://xunit/VsTestRunner3/netcore/" className="Puluj.Messaging.Contracts.Tests.FixtureSchemaTests" name="T02_InvalidFixture_FailsWithExpectedPath" />
    </UnitTest>
    <UnitTest name="Puluj.Messaging.Contracts.Tests.CompatibilityTests.T10_BreakingChanges_FailCurrentSchema" storage="c:\repos\puluj-g\tests\puluj.messaging.contracts.tests\bin\debug\net10.0\puluj.messaging.contracts.tests.dll" id="949d7c37-f1b1-95d8-040e-f10526def8b9">
      <Execution id="02a8715f-496d-4d5a-a403-cd61f701b8d1" />
      <TestMethod codeBase="C:\repos\Puluj-g\tests\Puluj.Messaging.Contracts.Tests\bin\Debug\net10.0\Puluj.Messaging.Contracts.Tests.dll" adapterTypeName="executor://xunit/VsTestRunner3/netcore/" className="Puluj.Messaging.Contracts.Tests.CompatibilityTests" name="T10_BreakingChanges_FailCurrentSchema" />
    </UnitTest>
    <UnitTest name="Puluj.Messaging.Contracts.Tests.FixtureSchemaTests.T01_ValidFixture_PassesEnvelopeAndPayloadSchema(file: &quot;message.analysis.completed.no-facts.json&quot;)" storage="c:\repos\puluj-g\tests\puluj.messaging.contracts.tests\bin\debug\net10.0\puluj.messaging.contracts.tests.dll" id="675a8a70-7d3c-803b-3097-e27462ac0cd5">
      <Execution id="d16191d7-0155-42a5-b9de-dd9a3a221eee" />
      <TestMethod codeBase="C:\repos\Puluj-g\tests\Puluj.Messaging.Contracts.Tests\bin\Debug\net10.0\Puluj.Messaging.Contracts.Tests.dll" adapterTypeName="executor://xunit/VsTestRunner3/netcore/" className="Puluj.Messaging.Contracts.Tests.FixtureSchemaTests" name="T01_ValidFixture_PassesEnvelopeAndPayloadSchema" />
    </UnitTest>
    <UnitTest name="Puluj.Messaging.Contracts.Tests.FixtureSchemaTests.T01_ValidFixture_PassesEnvelopeAndPayloadSchema(file: &quot;ingress.received.alerts-start.json&quot;)" storage="c:\repos\puluj-g\tests\puluj.messaging.contracts.tests\bin\debug\net10.0\puluj.messaging.contracts.tests.dll" id="8ab3b557-2d12-6d63-edaa-5a6ac1625ce7">
      <Execution id="91d921ad-ab98-4a12-8f4a-3f89c2095d99" />
      <TestMethod codeBase="C:\repos\Puluj-g\tests\Puluj.Messaging.Contracts.Tests\bin\Debug\net10.0\Puluj.Messaging.Contracts.Tests.dll" adapterTypeName="executor://xunit/VsTestRunner3/netcore/" className="Puluj.Messaging.Contracts.Tests.FixtureSchemaTests" name="T01_ValidFixture_PassesEnvelopeAndPayloadSchema" />
    </UnitTest>
    <UnitTest name="Puluj.Messaging.Contracts.Tests.FixtureSchemaTests.T01_EveryEventTypeHasAValidFixture" storage="c:\repos\puluj-g\tests\puluj.messaging.contracts.tests\bin\debug\net10.0\puluj.messaging.contracts.tests.dll" id="85a2bd23-c444-b596-f5d6-f3a5ea6af578">
      <Execution id="39499981-fb8c-4e58-be06-d89abadf86b5" />
      <TestMethod codeBase="C:\repos\Puluj-g\tests\Puluj.Messaging.Contracts.Tests\bin\Debug\net10.0\Puluj.Messaging.Contracts.Tests.dll" adapterTypeName="executor://xunit/VsTestRunner3/netcore/" className="Puluj.Messaging.Contracts.Tests.FixtureSchemaTests" name="T01_EveryEventTypeHasAValidFixture" />
    </UnitTest>
    <UnitTest name="Puluj.Messaging.Contracts.Tests.FixtureSchemaTests.T02_InvalidFixture_FailsWithExpectedPath(file: &quot;breaking-type-change.json&quot;)" storage="c:\repos\puluj-g\tests\puluj.messaging.contracts.tests\bin\debug\net10.0\puluj.messaging.contracts.tests.dll" id="6c17d33a-a88d-b6a0-d774-420e297b3100">
      <Execution id="1bf29f6b-0a2c-4b62-af7d-024a68180543" />
      <TestMethod codeBase="C:\repos\Puluj-g\tests\Puluj.Messaging.Contracts.Tests\bin\Debug\net10.0\Puluj.Messaging.Contracts.Tests.dll" adapterTypeName="executor://xunit/VsTestRunner3/netcore/" className="Puluj.Messaging.Contracts.Tests.FixtureSchemaTests" name="T02_InvalidFixture_FailsWithExpectedPath" />
    </UnitTest>
    <UnitTest name="Puluj.Messaging.Contracts.Tests.FixtureSchemaTests.T01_ValidFixture_PassesEnvelopeAndPayloadSchema(file: &quot;track.expiry.requested.json&quot;)" storage="c:\repos\puluj-g\tests\puluj.messaging.contracts.tests\bin\debug\net10.0\puluj.messaging.contracts.tests.dll" id="875ca185-06c0-4638-20e8-8e195b05e10f">
      <Execution id="4fcd12e1-7f3a-43d1-aa9c-5b94fbee24ea" />
      <TestMethod codeBase="C:\repos\Puluj-g\tests\Puluj.Messaging.Contracts.Tests\bin\Debug\net10.0\Puluj.Messaging.Contracts.Tests.dll" adapterTypeName="executor://xunit/VsTestRunner3/netcore/" className="Puluj.Messaging.Contracts.Tests.FixtureSchemaTests" name="T01_ValidFixture_PassesEnvelopeAndPayloadSchema" />
    </UnitTest>
    <UnitTest name="Puluj.Messaging.Contracts.Tests.FixtureSchemaTests.T01_ValidFixture_PassesEnvelopeAndPayloadSchema(file: &quot;ingress.received.alerts-end.json&quot;)" storage="c:\repos\puluj-g\tests\puluj.messaging.contracts.tests\bin\debug\net10.0\puluj.messaging.contracts.tests.dll" id="cb953bc3-261d-a194-1018-f920b6eca21e">
      <Execution id="50db9c35-907b-4d07-a59e-443951129fcc" />
      <TestMethod codeBase="C:\repos\Puluj-g\tests\Puluj.Messaging.Contracts.Tests\bin\Debug\net10.0\Puluj.Messaging.Contracts.Tests.dll" adapterTypeName="executor://xunit/VsTestRunner3/netcore/" className="Puluj.Messaging.Contracts.Tests.FixtureSchemaTests" name="T01_ValidFixture_PassesEnvelopeAndPayloadSchema" />
    </UnitTest>
    <UnitTest name="Puluj.Messaging.Contracts.Tests.TopologyRegistryTests.T06_ArchiveIsRequiredForEveryReplaySourceEvent" storage="c:\repos\puluj-g\tests\puluj.messaging.contracts.tests\bin\debug\net10.0\puluj.messaging.contracts.tests.dll" id="ba71943b-e9a8-10c8-fecc-152b542e3afd">
      <Execution id="45ff7061-39ab-4acd-a840-c39e93b18b39" />
      <TestMethod codeBase="C:\repos\Puluj-g\tests\Puluj.Messaging.Contracts.Tests\bin\Debug\net10.0\Puluj.Messaging.Contracts.Tests.dll" adapterTypeName="executor://xunit/VsTestRunner3/netcore/" className="Puluj.Messaging.Contracts.Tests.TopologyRegistryTests" name="T06_ArchiveIsRequiredForEveryReplaySourceEvent" />
    </UnitTest>
    <UnitTest name="Puluj.Messaging.Contracts.Tests.FixtureSchemaTests.T02_InvalidFixture_FailsWithExpectedPath(file: &quot;neither-payload-nor-ref.json&quot;)" storage="c:\repos\puluj-g\tests\puluj.messaging.contracts.tests\bin\debug\net10.0\puluj.messaging.contracts.tests.dll" id="92f9b150-53d7-5c0d-03a9-6dd3d81bdf92">
      <Execution id="167b2135-49fe-4769-bd50-6b0300ffdb0e" />
      <TestMethod codeBase="C:\repos\Puluj-g\tests\Puluj.Messaging.Contracts.Tests\bin\Debug\net10.0\Puluj.Messaging.Contracts.Tests.dll" adapterTypeName="executor://xunit/VsTestRunner3/netcore/" className="Puluj.Messaging.Contracts.Tests.FixtureSchemaTests" name="T02_InvalidFixture_FailsWithExpectedPath" />
    </UnitTest>
    <UnitTest name="Puluj.Messaging.Contracts.Tests.FixtureSchemaTests.T01_ValidFixture_PassesEnvelopeAndPayloadSchema(file: &quot;parse.completed.multi-fact.json&quot;)" storage="c:\repos\puluj-g\tests\puluj.messaging.contracts.tests\bin\debug\net10.0\puluj.messaging.contracts.tests.dll" id="05a54dc2-05fa-d472-72e7-5a718fd3909c">
      <Execution id="430526ee-9640-49be-82de-e9599bb2c839" />
      <TestMethod codeBase="C:\repos\Puluj-g\tests\Puluj.Messaging.Contracts.Tests\bin\Debug\net10.0\Puluj.Messaging.Contracts.Tests.dll" adapterTypeName="executor://xunit/VsTestRunner3/netcore/" className="Puluj.Messaging.Contracts.Tests.FixtureSchemaTests" name="T01_ValidFixture_PassesEnvelopeAndPayloadSchema" />
    </UnitTest>
    <UnitTest name="Puluj.Messaging.Contracts.Tests.FixtureSchemaTests.T01_ValidFixture_PassesEnvelopeAndPayloadSchema(file: &quot;parse.completed.no-facts.json&quot;)" storage="c:\repos\puluj-g\tests\puluj.messaging.contracts.tests\bin\debug\net10.0\puluj.messaging.contracts.tests.dll" id="4df99c02-794b-0caf-c189-3cd168240c74">
      <Execution id="a098cdb4-2f0e-4ca0-9dfe-05d3d89895dc" />
      <TestMethod codeBase="C:\repos\Puluj-g\tests\Puluj.Messaging.Contracts.Tests\bin\Debug\net10.0\Puluj.Messaging.Contracts.Tests.dll" adapterTypeName="executor://xunit/VsTestRunner3/netcore/" className="Puluj.Messaging.Contracts.Tests.FixtureSchemaTests" name="T01_ValidFixture_PassesEnvelopeAndPayloadSchema" />
    </UnitTest>
    <UnitTest name="Puluj.Messaging.Contracts.Tests.FixtureSchemaTests.T01_ValidFixture_PassesEnvelopeAndPayloadSchema(file: &quot;ingress.received.payload-ref.json&quot;)" storage="c:\repos\puluj-g\tests\puluj.messaging.contracts.tests\bin\debug\net10.0\puluj.messaging.contracts.tests.dll" id="1954c365-3173-31da-ae64-67031e5fe35f">
      <Execution id="97f00023-bffc-4995-92f4-fcc5b3786e62" />
      <TestMethod codeBase="C:\repos\Puluj-g\tests\Puluj.Messaging.Contracts.Tests\bin\Debug\net10.0\Puluj.Messaging.Contracts.Tests.dll" adapterTypeName="executor://xunit/VsTestRunner3/netcore/" className="Puluj.Messaging.Contracts.Tests.FixtureSchemaTests" name="T01_ValidFixture_PassesEnvelopeAndPayloadSchema" />
    </UnitTest>
    <UnitTest name="Puluj.Messaging.Contracts.Tests.FixtureSchemaTests.T01_ValidFixture_PassesEnvelopeAndPayloadSchema(file: &quot;ingress.received.telegram-edit.json&quot;)" storage="c:\repos\puluj-g\tests\puluj.messaging.contracts.tests\bin\debug\net10.0\puluj.messaging.contracts.tests.dll" id="95ea346d-4871-62eb-6fab-bf2e289e76ec">
      <Execution id="e84ad247-05ad-4084-891b-c6c87ca44107" />
      <TestMethod codeBase="C:\repos\Puluj-g\tests\Puluj.Messaging.Contracts.Tests\bin\Debug\net10.0\Puluj.Messaging.Contracts.Tests.dll" adapterTypeName="executor://xunit/VsTestRunner3/netcore/" className="Puluj.Messaging.Contracts.Tests.FixtureSchemaTests" name="T01_ValidFixture_PassesEnvelopeAndPayloadSchema" />
    </UnitTest>
    <UnitTest name="Puluj.Messaging.Contracts.Tests.FixtureSchemaTests.T01_ValidFixture_PassesEnvelopeAndPayloadSchema(file: &quot;incident.changed.json&quot;)" storage="c:\repos\puluj-g\tests\puluj.messaging.contracts.tests\bin\debug\net10.0\puluj.messaging.contracts.tests.dll" id="70a2cdb8-b53d-981b-a24b-70c684dc3495">
      <Execution id="e47ed574-1583-448a-b57a-8271233f8b5b" />
      <TestMethod codeBase="C:\repos\Puluj-g\tests\Puluj.Messaging.Contracts.Tests\bin\Debug\net10.0\Puluj.Messaging.Contracts.Tests.dll" adapterTypeName="executor://xunit/VsTestRunner3/netcore/" className="Puluj.Messaging.Contracts.Tests.FixtureSchemaTests" name="T01_ValidFixture_PassesEnvelopeAndPayloadSchema" />
    </UnitTest>
    <UnitTest name="Puluj.Messaging.Contracts.Tests.FixtureSchemaTests.T02_InvalidFixture_FailsWithExpectedPath(file: &quot;missing-event-id.json&quot;)" storage="c:\repos\puluj-g\tests\puluj.messaging.contracts.tests\bin\debug\net10.0\puluj.messaging.contracts.tests.dll" id="8202b046-cb2b-e5eb-2404-8554721564f8">
      <Execution id="e678994d-fe85-45b5-ac0f-8a58cf56d026" />
      <TestMethod codeBase="C:\repos\Puluj-g\tests\Puluj.Messaging.Contracts.Tests\bin\Debug\net10.0\Puluj.Messaging.Contracts.Tests.dll" adapterTypeName="executor://xunit/VsTestRunner3/netcore/" className="Puluj.Messaging.Contracts.Tests.FixtureSchemaTests" name="T02_InvalidFixture_FailsWithExpectedPath" />
    </UnitTest>
    <UnitTest name="Puluj.Messaging.Contracts.Tests.CompatibilityTests.T10_MatrixCasesMatchTheMajorEqualRule" storage="c:\repos\puluj-g\tests\puluj.messaging.contracts.tests\bin\debug\net10.0\puluj.messaging.contracts.tests.dll" id="8bb447d9-bfd2-71ba-d31a-7185ff30c40e">
      <Execution id="9ad426e9-78ca-429e-9af0-8a1b2fb6c97a" />
      <TestMethod codeBase="C:\repos\Puluj-g\tests\Puluj.Messaging.Contracts.Tests\bin\Debug\net10.0\Puluj.Messaging.Contracts.Tests.dll" adapterTypeName="executor://xunit/VsTestRunner3/netcore/" className="Puluj.Messaging.Contracts.Tests.CompatibilityTests" name="T10_MatrixCasesMatchTheMajorEqualRule" />
    </UnitTest>
    <UnitTest name="Puluj.Messaging.Contracts.Tests.FixtureSchemaTests.T01_ValidFixture_PassesEnvelopeAndPayloadSchema(file: &quot;raw.stored.json&quot;)" storage="c:\repos\puluj-g\tests\puluj.messaging.contracts.tests\bin\debug\net10.0\puluj.messaging.contracts.tests.dll" id="c3311480-c0a2-3dc5-3121-3e083501f9c5">
      <Execution id="7bd420ed-2a0b-4bb9-aeb2-66eeab420bfd" />
      <TestMethod codeBase="C:\repos\Puluj-g\tests\Puluj.Messaging.Contracts.Tests\bin\Debug\net10.0\Puluj.Messaging.Contracts.Tests.dll" adapterTypeName="executor://xunit/VsTestRunner3/netcore/" className="Puluj.Messaging.Contracts.Tests.FixtureSchemaTests" name="T01_ValidFixture_PassesEnvelopeAndPayloadSchema" />
    </UnitTest>
    <UnitTest name="Puluj.Messaging.Contracts.Tests.FixtureSchemaTests.T02_InvalidFixture_FailsWithExpectedPath(file: &quot;llm-requested-without-request-id.json&quot;)" storage="c:\repos\puluj-g\tests\puluj.messaging.contracts.tests\bin\debug\net10.0\puluj.messaging.contracts.tests.dll" id="a5409bee-7331-2d95-a66d-28863ae5df9e">
      <Execution id="1f5a1889-54e9-4454-93c6-c0b45026e8af" />
      <TestMethod codeBase="C:\repos\Puluj-g\tests\Puluj.Messaging.Contracts.Tests\bin\Debug\net10.0\Puluj.Messaging.Contracts.Tests.dll" adapterTypeName="executor://xunit/VsTestRunner3/netcore/" className="Puluj.Messaging.Contracts.Tests.FixtureSchemaTests" name="T02_InvalidFixture_FailsWithExpectedPath" />
    </UnitTest>
    <UnitTest name="Puluj.Messaging.Contracts.Tests.FixtureSchemaTests.T02_InvalidFixture_FailsWithExpectedPath(file: &quot;bad-schema-version.json&quot;)" storage="c:\repos\puluj-g\tests\puluj.messaging.contracts.tests\bin\debug\net10.0\puluj.messaging.contracts.tests.dll" id="f5f5d5d6-55cc-eff5-fb6b-f146b597ea06">
      <Execution id="548f062b-a358-41af-bc02-3a41efbfcd64" />
      <TestMethod codeBase="C:\repos\Puluj-g\tests\Puluj.Messaging.Contracts.Tests\bin\Debug\net10.0\Puluj.Messaging.Contracts.Tests.dll" adapterTypeName="executor://xunit/VsTestRunner3/netcore/" className="Puluj.Messaging.Contracts.Tests.FixtureSchemaTests" name="T02_InvalidFixture_FailsWithExpectedPath" />
    </UnitTest>
    <UnitTest name="Puluj.Messaging.Contracts.Tests.FixtureSchemaTests.T13_IdentityCases_MatchFixturesAndRules" storage="c:\repos\puluj-g\tests\puluj.messaging.contracts.tests\bin\debug\net10.0\puluj.messaging.contracts.tests.dll" id="b89b0c5c-834a-3166-9006-3a59cc51e2c8">
      <Execution id="21449810-df40-4e65-b6ef-aecb08f6da39" />
      <TestMethod codeBase="C:\repos\Puluj-g\tests\Puluj.Messaging.Contracts.Tests\bin\Debug\net10.0\Puluj.Messaging.Contracts.Tests.dll" adapterTypeName="executor://xunit/VsTestRunner3/netcore/" className="Puluj.Messaging.Contracts.Tests.FixtureSchemaTests" name="T13_IdentityCases_MatchFixturesAndRules" />
    </UnitTest>
    <UnitTest name="Puluj.Messaging.Contracts.Tests.FixtureSchemaTests.T01_ValidFixture_PassesEnvelopeAndPayloadSchema(file: &quot;alert.changed.json&quot;)" storage="c:\repos\puluj-g\tests\puluj.messaging.contracts.tests\bin\debug\net10.0\puluj.messaging.contracts.tests.dll" id="756aed86-b263-46f1-6be5-8b368b33de58">
      <Execution id="a1d09ff5-2655-446f-98b5-688451a1f43e" />
      <TestMethod codeBase="C:\repos\Puluj-g\tests\Puluj.Messaging.Contracts.Tests\bin\Debug\net10.0\Puluj.Messaging.Contracts.Tests.dll" adapterTypeName="executor://xunit/VsTestRunner3/netcore/" className="Puluj.Messaging.Contracts.Tests.FixtureSchemaTests" name="T01_ValidFixture_PassesEnvelopeAndPayloadSchema" />
    </UnitTest>
    <UnitTest name="Puluj.Messaging.Contracts.Tests.FixtureSchemaTests.T02_InvalidFixture_FailsWithExpectedPath(file: &quot;raw-stored-without-raw-id.json&quot;)" storage="c:\repos\puluj-g\tests\puluj.messaging.contracts.tests\bin\debug\net10.0\puluj.messaging.contracts.tests.dll" id="016da4fc-7049-4379-8950-7f105a8e39dd">
      <Execution id="45e8dca3-d0f1-4f33-b9cb-379472bc0495" />
      <TestMethod codeBase="C:\repos\Puluj-g\tests\Puluj.Messaging.Contracts.Tests\bin\Debug\net10.0\Puluj.Messaging.Contracts.Tests.dll" adapterTypeName="executor://xunit/VsTestRunner3/netcore/" className="Puluj.Messaging.Contracts.Tests.FixtureSchemaTests" name="T02_InvalidFixture_FailsWithExpectedPath" />
    </UnitTest>
    <UnitTest name="Puluj.Messaging.Contracts.Tests.CompatibilityTests.T10_AdditiveMinorChange_PassesCurrentSchema" storage="c:\repos\puluj-g\tests\puluj.messaging.contracts.tests\bin\debug\net10.0\puluj.messaging.contracts.tests.dll" id="6dd2d4ff-13dc-7587-ab04-953b321743f6">
      <Execution id="8b7fc6b2-0f3c-41d4-8b43-d7eef4b0bfe2" />
      <TestMethod codeBase="C:\repos\Puluj-g\tests\Puluj.Messaging.Contracts.Tests\bin\Debug\net10.0\Puluj.Messaging.Contracts.Tests.dll" adapterTypeName="executor://xunit/VsTestRunner3/netcore/" className="Puluj.Messaging.Contracts.Tests.CompatibilityTests" name="T10_AdditiveMinorChange_PassesCurrentSchema" />
    </UnitTest>
    <UnitTest name="Puluj.Messaging.Contracts.Tests.FixtureSchemaTests.T02_InvalidFixture_FailsWithExpectedPath(file: &quot;changed-without-aggregate-revision.json&quot;)" storage="c:\repos\puluj-g\tests\puluj.messaging.contracts.tests\bin\debug\net10.0\puluj.messaging.contracts.tests.dll" id="098ea7ff-c246-9fd7-b17b-f3331211c6f1">
      <Execution id="28b50b80-58e0-4858-b32a-5c00c74193fa" />
      <TestMethod codeBase="C:\repos\Puluj-g\tests\Puluj.Messaging.Contracts.Tests\bin\Debug\net10.0\Puluj.Messaging.Contracts.Tests.dll" adapterTypeName="executor://xunit/VsTestRunner3/netcore/" className="Puluj.Messaging.Contracts.Tests.FixtureSchemaTests" name="T02_InvalidFixture_FailsWithExpectedPath" />
    </UnitTest>
    <UnitTest name="Puluj.Messaging.Contracts.Tests.TopologyRegistryTests.T08_RequiredSubscriptionsHaveNoTtlNoDropOldestAndDlq" storage="c:\repos\puluj-g\tests\puluj.messaging.contracts.tests\bin\debug\net10.0\puluj.messaging.contracts.tests.dll" id="ba74a32f-9801-42e1-c9e2-f3773ccc3d6f">
      <Execution id="c08b027c-1cfd-45e2-952a-9437e9bdfb7a" />
      <TestMethod codeBase="C:\repos\Puluj-g\tests\Puluj.Messaging.Contracts.Tests\bin\Debug\net10.0\Puluj.Messaging.Contracts.Tests.dll" adapterTypeName="executor://xunit/VsTestRunner3/netcore/" className="Puluj.Messaging.Contracts.Tests.TopologyRegistryTests" name="T08_RequiredSubscriptionsHaveNoTtlNoDropOldestAndDlq" />
    </UnitTest>
    <UnitTest name="Puluj.Messaging.Contracts.Tests.FixtureSchemaTests.T01_ValidFixture_PassesEnvelopeAndPayloadSchema(file: &quot;message.normalized.empty.json&quot;)" storage="c:\repos\puluj-g\tests\puluj.messaging.contracts.tests\bin\debug\net10.0\puluj.messaging.contracts.tests.dll" id="19ab8ddf-308c-d1ae-8ce8-538ec6ab82a2">
      <Execution id="4128d1ca-d3fa-4ba1-a59e-8e970ac075db" />
      <TestMethod codeBase="C:\repos\Puluj-g\tests\Puluj.Messaging.Contracts.Tests\bin\Debug\net10.0\Puluj.Messaging.Contracts.Tests.dll" adapterTypeName="executor://xunit/VsTestRunner3/netcore/" className="Puluj.Messaging.Contracts.Tests.FixtureSchemaTests" name="T01_ValidFixture_PassesEnvelopeAndPayloadSchema" />
    </UnitTest>
    <UnitTest name="Puluj.Messaging.Contracts.Tests.FixtureSchemaTests.T01_ValidFixture_PassesEnvelopeAndPayloadSchema(file: &quot;llm.failed.json&quot;)" storage="c:\repos\puluj-g\tests\puluj.messaging.contracts.tests\bin\debug\net10.0\puluj.messaging.contracts.tests.dll" id="260760c4-5d7e-c811-0c21-da0802150b1b">
      <Execution id="734b261b-445a-4c0c-a023-aaae76809246" />
      <TestMethod codeBase="C:\repos\Puluj-g\tests\Puluj.Messaging.Contracts.Tests\bin\Debug\net10.0\Puluj.Messaging.Contracts.Tests.dll" adapterTypeName="executor://xunit/VsTestRunner3/netcore/" className="Puluj.Messaging.Contracts.Tests.FixtureSchemaTests" name="T01_ValidFixture_PassesEnvelopeAndPayloadSchema" />
    </UnitTest>
    <UnitTest name="Puluj.Messaging.Contracts.Tests.FixtureSchemaTests.T01_ValidFixture_PassesEnvelopeAndPayloadSchema(file: &quot;ingress.received.json&quot;)" storage="c:\repos\puluj-g\tests\puluj.messaging.contracts.tests\bin\debug\net10.0\puluj.messaging.contracts.tests.dll" id="fdcd903e-ab4c-a56c-fd5d-c184a6cd2d12">
      <Execution id="9fd3c416-5699-4600-999b-fc305db1b64b" />
      <TestMethod codeBase="C:\repos\Puluj-g\tests\Puluj.Messaging.Contracts.Tests\bin\Debug\net10.0\Puluj.Messaging.Contracts.Tests.dll" adapterTypeName="executor://xunit/VsTestRunner3/netcore/" className="Puluj.Messaging.Contracts.Tests.FixtureSchemaTests" name="T01_ValidFixture_PassesEnvelopeAndPayloadSchema" />
    </UnitTest>
    <UnitTest name="Puluj.Messaging.Contracts.Tests.TopologyRegistryTests.T03_RegistryContainsExpectedEventTypesSubscriptionsAndRequiredSets" storage="c:\repos\puluj-g\tests\puluj.messaging.contracts.tests\bin\debug\net10.0\puluj.messaging.contracts.tests.dll" id="dbee6408-8d11-de2e-932d-06d6ac0d0fa1">
      <Execution id="b061a773-b1cf-4c91-9dab-edce66dbfdbd" />
      <TestMethod codeBase="C:\repos\Puluj-g\tests\Puluj.Messaging.Contracts.Tests\bin\Debug\net10.0\Puluj.Messaging.Contracts.Tests.dll" adapterTypeName="executor://xunit/VsTestRunner3/netcore/" className="Puluj.Messaging.Contracts.Tests.TopologyRegistryTests" name="T03_RegistryContainsExpectedEventTypesSubscriptionsAndRequiredSets" />
    </UnitTest>
    <UnitTest name="Puluj.Messaging.Contracts.Tests.TopologyRegistryTests.T04_AllBindingsAndEmitsReferenceKnownEvents_EveryEventHasProducerAndSchema" storage="c:\repos\puluj-g\tests\puluj.messaging.contracts.tests\bin\debug\net10.0\puluj.messaging.contracts.tests.dll" id="2e366d83-afe7-f686-9d3e-ee3bc5cdb1e4">
      <Execution id="42be5e21-d7ba-4f08-b144-ccdce3e4c83a" />
      <TestMethod codeBase="C:\repos\Puluj-g\tests\Puluj.Messaging.Contracts.Tests\bin\Debug\net10.0\Puluj.Messaging.Contracts.Tests.dll" adapterTypeName="executor://xunit/VsTestRunner3/netcore/" className="Puluj.Messaging.Contracts.Tests.TopologyRegistryTests" name="T04_AllBindingsAndEmitsReferenceKnownEvents_EveryEventHasProducerAndSchema" />
    </UnitTest>
    <UnitTest name="Puluj.Messaging.Contracts.Tests.FixtureSchemaTests.T01_ValidFixture_PassesEnvelopeAndPayloadSchema(file: &quot;parse.completed.needs-llm.json&quot;)" storage="c:\repos\puluj-g\tests\puluj.messaging.contracts.tests\bin\debug\net10.0\puluj.messaging.contracts.tests.dll" id="d15bb7e6-0b0f-844d-5840-7145c579f213">
      <Execution id="1bd2c638-59d5-46c7-b2f1-a48797dbc921" />
      <TestMethod codeBase="C:\repos\Puluj-g\tests\Puluj.Messaging.Contracts.Tests\bin\Debug\net10.0\Puluj.Messaging.Contracts.Tests.dll" adapterTypeName="executor://xunit/VsTestRunner3/netcore/" className="Puluj.Messaging.Contracts.Tests.FixtureSchemaTests" name="T01_ValidFixture_PassesEnvelopeAndPayloadSchema" />
    </UnitTest>
    <UnitTest name="Puluj.Messaging.Contracts.Tests.FixtureSchemaTests.T02_InvalidFixture_FailsWithExpectedPath(file: &quot;bad-traceparent.json&quot;)" storage="c:\repos\puluj-g\tests\puluj.messaging.contracts.tests\bin\debug\net10.0\puluj.messaging.contracts.tests.dll" id="192a847b-b4e8-2afa-0e18-ad2c3d6c9025">
      <Execution id="48d55278-d9e4-44a2-bf4c-7708c8ef5e9c" />
      <TestMethod codeBase="C:\repos\Puluj-g\tests\Puluj.Messaging.Contracts.Tests\bin\Debug\net10.0\Puluj.Messaging.Contracts.Tests.dll" adapterTypeName="executor://xunit/VsTestRunner3/netcore/" className="Puluj.Messaging.Contracts.Tests.FixtureSchemaTests" name="T02_InvalidFixture_FailsWithExpectedPath" />
    </UnitTest>
    <UnitTest name="Puluj.Messaging.Contracts.Tests.FixtureSchemaTests.T01_ValidFixture_PassesEnvelopeAndPayloadSchema(file: &quot;alert.expiry.requested.json&quot;)" storage="c:\repos\puluj-g\tests\puluj.messaging.contracts.tests\bin\debug\net10.0\puluj.messaging.contracts.tests.dll" id="3f18d97e-3144-12b6-d50e-9bbc3bb710d4">
      <Execution id="70eedcfa-6b49-47f0-b695-c46b3ed9a9a9" />
      <TestMethod codeBase="C:\repos\Puluj-g\tests\Puluj.Messaging.Contracts.Tests\bin\Debug\net10.0\Puluj.Messaging.Contracts.Tests.dll" adapterTypeName="executor://xunit/VsTestRunner3/netcore/" className="Puluj.Messaging.Contracts.Tests.FixtureSchemaTests" name="T01_ValidFixture_PassesEnvelopeAndPayloadSchema" />
    </UnitTest>
    <UnitTest name="Puluj.Messaging.Contracts.Tests.FixtureSchemaTests.T02_InvalidFixture_FailsWithExpectedPath(file: &quot;observations-empty.json&quot;)" storage="c:\repos\puluj-g\tests\puluj.messaging.contracts.tests\bin\debug\net10.0\puluj.messaging.contracts.tests.dll" id="cb340002-2475-1142-2e7c-51c922417451">
      <Execution id="ea2564b6-8795-4b5e-896c-15c886b51e3a" />
      <TestMethod codeBase="C:\repos\Puluj-g\tests\Puluj.Messaging.Contracts.Tests\bin\Debug\net10.0\Puluj.Messaging.Contracts.Tests.dll" adapterTypeName="executor://xunit/VsTestRunner3/netcore/" className="Puluj.Messaging.Contracts.Tests.FixtureSchemaTests" name="T02_InvalidFixture_FailsWithExpectedPath" />
    </UnitTest>
    <UnitTest name="Puluj.Messaging.Contracts.Tests.FixtureSchemaTests.T02_InvalidFixture_FailsWithExpectedPath(file: &quot;unknown-event-type.json&quot;)" storage="c:\repos\puluj-g\tests\puluj.messaging.contracts.tests\bin\debug\net10.0\puluj.messaging.contracts.tests.dll" id="d6335144-4c79-cf8a-a0b4-d8ef42d46e39">
      <Execution id="28765e9c-fd40-465d-b429-7ecae46c8d54" />
      <TestMethod codeBase="C:\repos\Puluj-g\tests\Puluj.Messaging.Contracts.Tests\bin\Debug\net10.0\Puluj.Messaging.Contracts.Tests.dll" adapterTypeName="executor://xunit/VsTestRunner3/netcore/" className="Puluj.Messaging.Contracts.Tests.FixtureSchemaTests" name="T02_InvalidFixture_FailsWithExpectedPath" />
    </UnitTest>
    <UnitTest name="Puluj.Messaging.Contracts.Tests.FixtureSchemaTests.T01_ValidFixture_PassesEnvelopeAndPayloadSchema(file: &quot;track.changed.json&quot;)" storage="c:\repos\puluj-g\tests\puluj.messaging.contracts.tests\bin\debug\net10.0\puluj.messaging.contracts.tests.dll" id="cc889d9f-a8ee-2b90-da5e-89791fb4e9b7">
      <Execution id="e97470df-f015-44cf-b19f-a859a81567da" />
      <TestMethod codeBase="C:\repos\Puluj-g\tests\Puluj.Messaging.Contracts.Tests\bin\Debug\net10.0\Puluj.Messaging.Contracts.Tests.dll" adapterTypeName="executor://xunit/VsTestRunner3/netcore/" className="Puluj.Messaging.Contracts.Tests.FixtureSchemaTests" name="T01_ValidFixture_PassesEnvelopeAndPayloadSchema" />
    </UnitTest>
    <UnitTest name="Puluj.Messaging.Contracts.Tests.TopologyRegistryTests.T14_AsyncApiReferencesExistingSchemasAndEveryEventType" storage="c:\repos\puluj-g\tests\puluj.messaging.contracts.tests\bin\debug\net10.0\puluj.messaging.contracts.tests.dll" id="395d72a0-56a7-9938-e9ef-8121f93b949d">
      <Execution id="ba4d4076-7d37-4097-8ba3-a143f2634d7c" />
      <TestMethod codeBase="C:\repos\Puluj-g\tests\Puluj.Messaging.Contracts.Tests\bin\Debug\net10.0\Puluj.Messaging.Contracts.Tests.dll" adapterTypeName="executor://xunit/VsTestRunner3/netcore/" className="Puluj.Messaging.Contracts.Tests.TopologyRegistryTests" name="T14_AsyncApiReferencesExistingSchemasAndEveryEventType" />
    </UnitTest>
  </TestDefinitions>
  <TestEntries>
    <TestEntry testId="31e89d84-d2ca-e9d6-d869-edecbd639e73" executionId="5f1d3060-5464-4fa6-8cd1-c21e1b033799" testListId="8c84fa94-04c1-424b-9868-57a2d4851a1d" />
    <TestEntry testId="2119839d-0e3b-6f0d-fb91-e5a407722d1b" executionId="314f4e6f-bd31-48a5-9642-e79bf82b96fa" testListId="8c84fa94-04c1-424b-9868-57a2d4851a1d" />
    <TestEntry testId="19ab8ddf-308c-d1ae-8ce8-538ec6ab82a2" executionId="4128d1ca-d3fa-4ba1-a59e-8e970ac075db" testListId="8c84fa94-04c1-424b-9868-57a2d4851a1d" />
    <TestEntry testId="7aa76f44-ed8d-4ff8-422a-72ce76490c2a" executionId="d6f7dc51-4c2e-46c5-bd8a-277f2961b4be" testListId="8c84fa94-04c1-424b-9868-57a2d4851a1d" />
    <TestEntry testId="875ca185-06c0-4638-20e8-8e195b05e10f" executionId="4fcd12e1-7f3a-43d1-aa9c-5b94fbee24ea" testListId="8c84fa94-04c1-424b-9868-57a2d4851a1d" />
    <TestEntry testId="3f18d97e-3144-12b6-d50e-9bbc3bb710d4" executionId="70eedcfa-6b49-47f0-b695-c46b3ed9a9a9" testListId="8c84fa94-04c1-424b-9868-57a2d4851a1d" />
    <TestEntry testId="95ea346d-4871-62eb-6fab-bf2e289e76ec" executionId="e84ad247-05ad-4084-891b-c6c87ca44107" testListId="8c84fa94-04c1-424b-9868-57a2d4851a1d" />
    <TestEntry testId="0608f9c7-fc27-e992-f49d-36631f233b62" executionId="2703050d-cf2c-4200-827b-988218fffd6f" testListId="8c84fa94-04c1-424b-9868-57a2d4851a1d" />
    <TestEntry testId="6c17d33a-a88d-b6a0-d774-420e297b3100" executionId="1bf29f6b-0a2c-4b62-af7d-024a68180543" testListId="8c84fa94-04c1-424b-9868-57a2d4851a1d" />
    <TestEntry testId="675a8a70-7d3c-803b-3097-e27462ac0cd5" executionId="d16191d7-0155-42a5-b9de-dd9a3a221eee" testListId="8c84fa94-04c1-424b-9868-57a2d4851a1d" />
    <TestEntry testId="192a847b-b4e8-2afa-0e18-ad2c3d6c9025" executionId="48d55278-d9e4-44a2-bf4c-7708c8ef5e9c" testListId="8c84fa94-04c1-424b-9868-57a2d4851a1d" />
    <TestEntry testId="dbee6408-8d11-de2e-932d-06d6ac0d0fa1" executionId="b061a773-b1cf-4c91-9dab-edce66dbfdbd" testListId="8c84fa94-04c1-424b-9868-57a2d4851a1d" />
    <TestEntry testId="949d7c37-f1b1-95d8-040e-f10526def8b9" executionId="02a8715f-496d-4d5a-a403-cd61f701b8d1" testListId="8c84fa94-04c1-424b-9868-57a2d4851a1d" />
    <TestEntry testId="395d72a0-56a7-9938-e9ef-8121f93b949d" executionId="ba4d4076-7d37-4097-8ba3-a143f2634d7c" testListId="8c84fa94-04c1-424b-9868-57a2d4851a1d" />
    <TestEntry testId="8ab3b557-2d12-6d63-edaa-5a6ac1625ce7" executionId="91d921ad-ab98-4a12-8f4a-3f89c2095d99" testListId="8c84fa94-04c1-424b-9868-57a2d4851a1d" />
    <TestEntry testId="4364c4b9-e975-eae9-a461-6a3c80d4d210" executionId="066883cd-4834-47c5-ba55-063f594009d7" testListId="8c84fa94-04c1-424b-9868-57a2d4851a1d" />
    <TestEntry testId="d6335144-4c79-cf8a-a0b4-d8ef42d46e39" executionId="28765e9c-fd40-465d-b429-7ecae46c8d54" testListId="8c84fa94-04c1-424b-9868-57a2d4851a1d" />
    <TestEntry testId="260760c4-5d7e-c811-0c21-da0802150b1b" executionId="734b261b-445a-4c0c-a023-aaae76809246" testListId="8c84fa94-04c1-424b-9868-57a2d4851a1d" />
    <TestEntry testId="cc889d9f-a8ee-2b90-da5e-89791fb4e9b7" executionId="e97470df-f015-44cf-b19f-a859a81567da" testListId="8c84fa94-04c1-424b-9868-57a2d4851a1d" />
    <TestEntry testId="adfc638c-6067-b2cd-8a12-f9b86b1554a9" executionId="f57fdc99-e366-4a00-bc2c-3eb2c4b3686f" testListId="8c84fa94-04c1-424b-9868-57a2d4851a1d" />
    <TestEntry testId="fdcd903e-ab4c-a56c-fd5d-c184a6cd2d12" executionId="9fd3c416-5699-4600-999b-fc305db1b64b" testListId="8c84fa94-04c1-424b-9868-57a2d4851a1d" />
    <TestEntry testId="4df99c02-794b-0caf-c189-3cd168240c74" executionId="a098cdb4-2f0e-4ca0-9dfe-05d3d89895dc" testListId="8c84fa94-04c1-424b-9868-57a2d4851a1d" />
    <TestEntry testId="70a2cdb8-b53d-981b-a24b-70c684dc3495" executionId="e47ed574-1583-448a-b57a-8271233f8b5b" testListId="8c84fa94-04c1-424b-9868-57a2d4851a1d" />
    <TestEntry testId="8202b046-cb2b-e5eb-2404-8554721564f8" executionId="e678994d-fe85-45b5-ac0f-8a58cf56d026" testListId="8c84fa94-04c1-424b-9868-57a2d4851a1d" />
    <TestEntry testId="d15bb7e6-0b0f-844d-5840-7145c579f213" executionId="1bd2c638-59d5-46c7-b2f1-a48797dbc921" testListId="8c84fa94-04c1-424b-9868-57a2d4851a1d" />
    <TestEntry testId="756aed86-b263-46f1-6be5-8b368b33de58" executionId="a1d09ff5-2655-446f-98b5-688451a1f43e" testListId="8c84fa94-04c1-424b-9868-57a2d4851a1d" />
    <TestEntry testId="05a54dc2-05fa-d472-72e7-5a718fd3909c" executionId="430526ee-9640-49be-82de-e9599bb2c839" testListId="8c84fa94-04c1-424b-9868-57a2d4851a1d" />
    <TestEntry testId="1954c365-3173-31da-ae64-67031e5fe35f" executionId="97f00023-bffc-4995-92f4-fcc5b3786e62" testListId="8c84fa94-04c1-424b-9868-57a2d4851a1d" />
    <TestEntry testId="b0fb1056-3333-f9fc-eb60-36ac659e6043" executionId="972c870d-c9c6-4abe-bcad-72cddd3f3cd2" testListId="8c84fa94-04c1-424b-9868-57a2d4851a1d" />
    <TestEntry testId="7024d4e2-bda3-6d03-3ba1-347947325e4e" executionId="60aae2f1-ad27-418e-a7d7-3083c4a7242e" testListId="8c84fa94-04c1-424b-9868-57a2d4851a1d" />
    <TestEntry testId="8bb447d9-bfd2-71ba-d31a-7185ff30c40e" executionId="9ad426e9-78ca-429e-9af0-8a1b2fb6c97a" testListId="8c84fa94-04c1-424b-9868-57a2d4851a1d" />
    <TestEntry testId="f9294c63-f14f-ae4d-f580-52f42519e5dc" executionId="8e552b63-8ef5-4269-9e80-0c9609435b9a" testListId="8c84fa94-04c1-424b-9868-57a2d4851a1d" />
    <TestEntry testId="4ebdf9e3-7d91-db29-c2ce-b261f6fa7155" executionId="4382cfb8-03dd-4df2-bbdc-c0bf08a7ff4a" testListId="8c84fa94-04c1-424b-9868-57a2d4851a1d" />
    <TestEntry testId="ba71943b-e9a8-10c8-fecc-152b542e3afd" executionId="45ff7061-39ab-4acd-a840-c39e93b18b39" testListId="8c84fa94-04c1-424b-9868-57a2d4851a1d" />
    <TestEntry testId="cb953bc3-261d-a194-1018-f920b6eca21e" executionId="50db9c35-907b-4d07-a59e-443951129fcc" testListId="8c84fa94-04c1-424b-9868-57a2d4851a1d" />
    <TestEntry testId="550e1d3f-e808-c5c6-7e67-21567dfc384f" executionId="e0823adb-4800-4d55-b38d-4b15ea862bab" testListId="8c84fa94-04c1-424b-9868-57a2d4851a1d" />
    <TestEntry testId="1cd56509-df96-9dd0-131e-06db6969879f" executionId="198ab4c5-b56f-4767-be3f-bcd580bde1e8" testListId="8c84fa94-04c1-424b-9868-57a2d4851a1d" />
    <TestEntry testId="c3311480-c0a2-3dc5-3121-3e083501f9c5" executionId="7bd420ed-2a0b-4bb9-aeb2-66eeab420bfd" testListId="8c84fa94-04c1-424b-9868-57a2d4851a1d" />
    <TestEntry testId="e50714e6-8dfb-e11a-0f2d-673a5d5e67b3" executionId="727d24ff-f6a5-4c2f-9805-7eaf5f77ecc6" testListId="8c84fa94-04c1-424b-9868-57a2d4851a1d" />
    <TestEntry testId="35dd4348-879d-ab7a-6f96-8d7246d3a50e" executionId="1a025a9a-00fd-4036-bdb7-e985797636a5" testListId="8c84fa94-04c1-424b-9868-57a2d4851a1d" />
    <TestEntry testId="098ea7ff-c246-9fd7-b17b-f3331211c6f1" executionId="28b50b80-58e0-4858-b32a-5c00c74193fa" testListId="8c84fa94-04c1-424b-9868-57a2d4851a1d" />
    <TestEntry testId="92f9b150-53d7-5c0d-03a9-6dd3d81bdf92" executionId="167b2135-49fe-4769-bd50-6b0300ffdb0e" testListId="8c84fa94-04c1-424b-9868-57a2d4851a1d" />
    <TestEntry testId="6dd2d4ff-13dc-7587-ab04-953b321743f6" executionId="8b7fc6b2-0f3c-41d4-8b43-d7eef4b0bfe2" testListId="8c84fa94-04c1-424b-9868-57a2d4851a1d" />
    <TestEntry testId="f0105dc2-e77a-1a59-1827-f2ce661f8945" executionId="167b79cd-1704-4996-b33b-8fea0354e5dd" testListId="8c84fa94-04c1-424b-9868-57a2d4851a1d" />
    <TestEntry testId="f821e19f-2e0d-2f10-649e-8dea8e7d8a7f" executionId="f3c16c4d-766a-4dce-843b-1552e2d1c972" testListId="8c84fa94-04c1-424b-9868-57a2d4851a1d" />
    <TestEntry testId="34d977da-4a4a-3408-902c-4041e4a1812d" executionId="12f9f5e8-ae6a-4b5c-a97f-a2a3a1c87b69" testListId="8c84fa94-04c1-424b-9868-57a2d4851a1d" />
    <TestEntry testId="5aebdd6a-8ed2-99b5-0ce8-fbc1047d4097" executionId="060761bd-db92-4928-adc5-2033dba82881" testListId="8c84fa94-04c1-424b-9868-57a2d4851a1d" />
    <TestEntry testId="2e366d83-afe7-f686-9d3e-ee3bc5cdb1e4" executionId="42be5e21-d7ba-4f08-b144-ccdce3e4c83a" testListId="8c84fa94-04c1-424b-9868-57a2d4851a1d" />
    <TestEntry testId="e0f63627-856f-b8cc-f960-3f0ba615dcc4" executionId="54688250-86ce-4b92-a3f4-e59dd4a7087a" testListId="8c84fa94-04c1-424b-9868-57a2d4851a1d" />
    <TestEntry testId="96fd72cc-8bf2-8c32-c2a3-a30a736f7f28" executionId="eaffa976-85db-4eb8-97e6-dd2a0e14a5e9" testListId="8c84fa94-04c1-424b-9868-57a2d4851a1d" />
    <TestEntry testId="f7df300e-fbdf-4af0-2c1e-ab94a70a7a88" executionId="901b8279-6131-4552-b988-db19056cb2b0" testListId="8c84fa94-04c1-424b-9868-57a2d4851a1d" />
    <TestEntry testId="cb340002-2475-1142-2e7c-51c922417451" executionId="ea2564b6-8795-4b5e-896c-15c886b51e3a" testListId="8c84fa94-04c1-424b-9868-57a2d4851a1d" />
    <TestEntry testId="85a2bd23-c444-b596-f5d6-f3a5ea6af578" executionId="39499981-fb8c-4e58-be06-d89abadf86b5" testListId="8c84fa94-04c1-424b-9868-57a2d4851a1d" />
    <TestEntry testId="94a2ddb4-e9ee-3799-92bc-d73ee6e31e02" executionId="720d6ab7-0b64-45c3-80c6-a704e8878be1" testListId="8c84fa94-04c1-424b-9868-57a2d4851a1d" />
    <TestEntry testId="a5409bee-7331-2d95-a66d-28863ae5df9e" executionId="1f5a1889-54e9-4454-93c6-c0b45026e8af" testListId="8c84fa94-04c1-424b-9868-57a2d4851a1d" />
    <TestEntry testId="016da4fc-7049-4379-8950-7f105a8e39dd" executionId="45e8dca3-d0f1-4f33-b9cb-379472bc0495" testListId="8c84fa94-04c1-424b-9868-57a2d4851a1d" />
    <TestEntry testId="ba74a32f-9801-42e1-c9e2-f3773ccc3d6f" executionId="c08b027c-1cfd-45e2-952a-9437e9bdfb7a" testListId="8c84fa94-04c1-424b-9868-57a2d4851a1d" />
    <TestEntry testId="a83ca94c-4d7d-b083-af48-beb1f3c442ae" executionId="8953fa45-802c-467d-9ee9-90c31ce13d78" testListId="8c84fa94-04c1-424b-9868-57a2d4851a1d" />
    <TestEntry testId="b635a1f1-8b0f-e7e7-142f-913b0ea94797" executionId="4f6ce157-756e-4225-b939-1e9b3b05b57d" testListId="8c84fa94-04c1-424b-9868-57a2d4851a1d" />
    <TestEntry testId="f5f5d5d6-55cc-eff5-fb6b-f146b597ea06" executionId="548f062b-a358-41af-bc02-3a41efbfcd64" testListId="8c84fa94-04c1-424b-9868-57a2d4851a1d" />
    <TestEntry testId="b89b0c5c-834a-3166-9006-3a59cc51e2c8" executionId="21449810-df40-4e65-b6ef-aecb08f6da39" testListId="8c84fa94-04c1-424b-9868-57a2d4851a1d" />
  </TestEntries>
  <TestLists>
    <TestList name="Results Not in a List" id="8c84fa94-04c1-424b-9868-57a2d4851a1d" />
    <TestList name="All Loaded Results" id="19431567-8539-422a-85d7-44ee4e166bda" />
  </TestLists>
  <ResultSummary outcome="Completed">
    <Counters total="61" executed="61" passed="61" failed="0" error="0" timeout="0" aborted="0" inconclusive="0" passedButRunAborted="0" notRunnable="0" notExecuted="0" disconnected="0" warning="0" completed="0" inProgress="0" pending="0" />
    <Output>
      <StdOut>[xUnit.net 00:00:00.00] xUnit.net VSTest Adapter v3.1.4+50e68bbb8b (64-bit .NET 10.0.12)&#xD;
[xUnit.net 00:00:00.09]   Discovering: Puluj.Messaging.Contracts.Tests&#xD;
[xUnit.net 00:00:00.14]   Discovered:  Puluj.Messaging.Contracts.Tests&#xD;
[xUnit.net 00:00:00.16]   Starting:    Puluj.Messaging.Contracts.Tests&#xD;
[xUnit.net 00:00:00.62]   Finished:    Puluj.Messaging.Contracts.Tests&#xD;
</StdOut>
    </Output>
  </ResultSummary>
</TestRun>